TN:
SF:src/app.ts
FNF:0
FNH:0
DA:1,1
DA:2,1
DA:3,1
DA:4,1
DA:5,1
DA:6,1
DA:7,1
DA:8,1
DA:9,1
DA:10,1
DA:11,1
DA:12,1
DA:13,1
DA:14,1
DA:15,1
DA:16,1
DA:17,1
DA:18,1
DA:19,1
DA:20,1
DA:21,1
DA:22,1
DA:23,1
DA:24,1
DA:25,1
DA:26,1
DA:27,1
DA:28,1
DA:29,1
DA:30,1
DA:31,1
DA:32,1
DA:33,1
DA:34,1
DA:35,1
DA:36,1
DA:37,1
DA:38,1
DA:39,1
DA:40,1
DA:41,1
DA:42,1
DA:43,234
DA:44,0
DA:45,0
DA:46,0
DA:47,0
DA:48,0
DA:49,0
DA:50,234
DA:51,234
DA:52,1
DA:53,1
DA:54,1
DA:55,1
DA:56,1
DA:57,1
DA:58,1
DA:59,1
DA:60,1
DA:61,1
DA:62,1
DA:63,1
DA:64,1
DA:65,1
DA:66,1
DA:67,1
DA:68,1
DA:69,0
DA:70,1
DA:71,1
DA:72,1
DA:73,1
DA:74,1
DA:75,0
DA:76,0
DA:77,0
DA:78,0
DA:79,0
DA:80,1
DA:81,1
LF:81
LH:69
BRDA:27,0,0,0
BRDA:74,1,0,0
BRDA:42,2,0,234
BRF:3
BRH:1
end_of_record
TN:
SF:src/config/config.ts
FN:28,getConfig
FNF:1
FNH:1
FNDA:832,getConfig
DA:1,1
DA:2,1
DA:3,1
DA:4,1
DA:5,1
DA:6,1
DA:7,1
DA:8,1
DA:9,1
DA:10,1
DA:11,1
DA:12,1
DA:13,1
DA:14,1
DA:15,1
DA:16,1
DA:17,1
DA:18,1
DA:19,1
DA:20,1
DA:21,1
DA:22,1
DA:23,1
DA:24,1
DA:25,1
DA:26,1
DA:27,1
DA:28,832
DA:29,832
DA:30,832
DA:31,832
DA:32,832
DA:33,832
DA:34,832
DA:35,832
DA:36,832
DA:37,832
DA:38,832
DA:39,832
DA:40,832
DA:41,832
DA:42,832
DA:43,832
DA:44,832
DA:45,832
DA:46,832
DA:47,832
DA:48,832
LF:48
LH:48
BRDA:28,0,0,832
BRDA:31,1,0,0
BRDA:32,2,0,0
BRDA:33,3,0,0
BRDA:34,4,0,0
BRDA:35,5,0,0
BRDA:36,6,0,0
BRDA:37,7,0,0
BRDA:39,8,0,0
BRDA:40,9,0,0
BRDA:41,10,0,0
BRDA:42,11,0,0
BRDA:43,12,0,0
BRDA:44,13,0,0
BRDA:45,14,0,0
BRF:15
BRH:1
end_of_record
TN:
SF:src/config/currency_initial.ts
FNF:0
FNH:0
DA:1,1
DA:2,1
DA:3,1
DA:4,1
DA:5,1
DA:6,1
DA:7,1
DA:8,1
DA:9,1
DA:10,1
DA:11,1
DA:12,1
DA:13,1
DA:14,1
DA:15,1
DA:16,1
DA:17,1
DA:18,1
DA:19,1
DA:20,1
DA:21,1
DA:22,1
DA:23,1
DA:24,1
DA:25,1
DA:26,1
DA:27,1
DA:28,1
DA:29,1
DA:30,1
DA:31,1
DA:32,1
LF:32
LH:32
BRF:0
BRH:0
end_of_record
TN:
SF:src/config/dbConfig.ts
FNF:0
FNH:0
DA:1,1
DA:2,1
DA:3,1
DA:4,1
DA:5,1
DA:6,1
DA:7,1
DA:8,1
DA:9,1
DA:10,1
DA:11,1
LF:11
LH:11
BRF:0
BRH:0
end_of_record
TN:
SF:src/config/user_initial.ts
FNF:0
FNH:0
DA:1,1
DA:2,1
DA:3,1
DA:4,1
DA:5,1
DA:6,1
DA:7,1
DA:8,1
DA:9,1
DA:10,1
DA:11,1
DA:12,1
DA:13,1
DA:14,1
DA:15,1
DA:16,1
DA:17,1
DA:18,1
DA:19,1
DA:20,1
DA:21,1
DA:22,1
DA:23,1
DA:24,1
DA:25,1
DA:26,1
DA:27,1
DA:28,1
DA:29,1
DA:30,1
DA:31,1
DA:32,1
DA:33,1
DA:34,1
DA:35,1
DA:36,1
DA:37,1
DA:38,1
DA:39,1
DA:40,1
DA:41,1
DA:42,1
DA:43,1
DA:44,1
DA:45,1
DA:46,1
DA:47,1
DA:48,1
DA:49,1
DA:50,1
DA:51,1
DA:52,1
DA:53,1
DA:54,1
DA:55,1
DA:56,1
DA:57,1
DA:58,1
DA:59,1
DA:60,1
DA:61,1
DA:62,1
DA:63,1
DA:64,1
DA:65,1
DA:66,1
DA:67,1
DA:68,1
DA:69,1
DA:70,1
DA:71,1
DA:72,1
DA:73,1
DA:74,1
DA:75,1
DA:76,1
DA:77,1
DA:78,1
DA:79,1
DA:80,1
DA:81,1
DA:82,1
DA:83,1
DA:84,1
DA:85,1
DA:86,1
DA:87,1
DA:88,1
DA:89,1
DA:90,1
DA:91,1
DA:92,1
DA:93,1
DA:94,1
DA:95,1
DA:96,1
DA:97,1
DA:98,1
DA:99,1
DA:100,1
DA:101,1
DA:102,1
DA:103,1
DA:104,1
DA:105,1
DA:106,1
DA:107,1
DA:108,1
DA:109,1
DA:110,1
DA:111,1
DA:112,1
DA:113,1
DA:114,1
DA:115,1
DA:116,1
DA:117,1
DA:118,1
DA:119,1
DA:120,1
DA:121,1
DA:122,1
DA:123,1
DA:124,1
DA:125,1
DA:126,1
DA:127,1
DA:128,1
DA:129,1
DA:130,1
DA:131,1
DA:132,1
DA:133,1
DA:134,1
DA:135,1
DA:136,1
DA:137,1
DA:138,1
DA:139,1
DA:140,1
DA:141,1
DA:142,1
DA:143,1
DA:144,1
DA:145,1
DA:146,1
DA:147,1
DA:148,1
DA:149,1
DA:150,1
DA:151,1
DA:152,1
DA:153,1
DA:154,1
DA:155,1
DA:156,1
DA:157,1
DA:158,1
DA:159,1
DA:160,1
DA:161,1
DA:162,1
DA:163,1
DA:164,1
DA:165,1
DA:166,1
DA:167,1
DA:168,1
DA:169,1
DA:170,1
DA:171,1
DA:172,1
DA:173,1
DA:174,1
DA:175,1
DA:176,1
DA:177,1
DA:178,1
DA:179,1
DA:180,1
DA:181,1
DA:182,1
DA:183,1
DA:184,1
DA:185,1
DA:186,1
DA:187,1
DA:188,1
DA:189,1
DA:190,1
DA:191,1
DA:192,1
DA:193,1
DA:194,1
DA:195,1
DA:196,1
DA:197,1
DA:198,1
DA:199,1
DA:200,1
DA:201,1
DA:202,1
DA:203,1
DA:204,1
DA:205,1
DA:206,1
DA:207,1
DA:208,1
DA:209,1
DA:210,1
DA:211,1
DA:212,1
DA:213,1
DA:214,1
DA:215,1
DA:216,1
DA:217,1
DA:218,1
DA:219,1
DA:220,1
DA:221,1
DA:222,1
DA:223,1
DA:224,1
DA:225,1
DA:226,1
DA:227,1
DA:228,1
DA:229,1
DA:230,1
DA:231,1
DA:232,1
DA:233,1
DA:234,1
DA:235,1
DA:236,1
DA:237,1
DA:238,1
DA:239,1
DA:240,1
DA:241,1
DA:242,1
DA:243,1
DA:244,1
DA:245,1
DA:246,1
DA:247,1
DA:248,1
DA:249,1
DA:250,1
DA:251,1
DA:252,1
DA:253,1
DA:254,1
DA:255,1
DA:256,1
DA:257,1
DA:258,1
DA:259,1
DA:260,1
DA:261,1
DA:262,1
DA:263,1
DA:264,1
DA:265,1
DA:266,1
DA:267,1
DA:268,1
DA:269,1
DA:270,1
DA:271,1
DA:272,1
DA:273,1
DA:274,1
DA:275,1
DA:276,1
DA:277,1
DA:278,1
DA:279,1
DA:280,1
DA:281,1
DA:282,1
DA:283,1
DA:284,1
DA:285,1
DA:286,1
DA:287,1
DA:288,1
DA:289,1
DA:290,1
DA:291,1
DA:292,1
DA:293,1
DA:294,1
DA:295,1
DA:296,1
DA:297,1
DA:298,1
DA:299,1
DA:300,1
DA:301,1
DA:302,1
DA:303,1
DA:304,1
DA:305,1
DA:306,1
DA:307,1
DA:308,1
DA:309,1
DA:310,1
DA:311,1
DA:312,1
DA:313,1
DA:314,1
DA:315,1
DA:316,1
DA:317,1
DA:318,1
DA:319,1
DA:320,1
DA:321,1
DA:322,1
DA:323,1
DA:324,1
DA:325,1
DA:326,1
DA:327,1
DA:328,1
DA:329,1
DA:330,1
DA:331,1
DA:332,1
DA:333,1
DA:334,1
DA:335,1
DA:336,1
DA:337,1
DA:338,1
DA:339,1
DA:340,1
DA:341,1
DA:342,1
DA:343,1
DA:344,1
DA:345,1
DA:346,1
DA:347,1
DA:348,1
DA:349,1
DA:350,1
DA:351,1
DA:352,1
DA:353,1
DA:354,1
DA:355,1
DA:356,1
DA:357,1
DA:358,1
DA:359,1
DA:360,1
DA:361,1
DA:362,1
DA:363,1
DA:364,1
DA:365,1
DA:366,1
DA:367,1
DA:368,1
DA:369,1
DA:370,1
DA:371,1
DA:372,1
DA:373,1
DA:374,1
DA:375,1
DA:376,1
DA:377,1
DA:378,1
DA:379,1
DA:380,1
DA:381,1
DA:382,1
DA:383,1
DA:384,1
DA:385,1
DA:386,1
DA:387,1
DA:388,1
DA:389,1
DA:390,1
DA:391,1
DA:392,1
DA:393,1
DA:394,1
DA:395,1
DA:396,1
DA:397,1
DA:398,1
DA:399,1
DA:400,1
DA:401,1
DA:402,1
DA:403,1
DA:404,1
DA:405,1
DA:406,1
DA:407,1
DA:408,1
DA:409,1
DA:410,1
DA:411,1
DA:412,1
DA:413,1
DA:414,1
DA:415,1
DA:416,1
DA:417,1
DA:418,1
DA:419,1
DA:420,1
DA:421,1
DA:422,1
DA:423,1
DA:424,1
DA:425,1
DA:426,1
DA:427,1
DA:428,1
DA:429,1
DA:430,1
DA:431,1
DA:432,1
DA:433,1
DA:434,1
DA:435,1
DA:436,1
DA:437,1
DA:438,1
DA:439,1
DA:440,1
DA:441,1
DA:442,1
DA:443,1
DA:444,1
DA:445,1
DA:446,1
DA:447,1
DA:448,1
DA:449,1
DA:450,1
DA:451,1
DA:452,1
DA:453,1
DA:454,1
DA:455,1
DA:456,1
DA:457,1
DA:458,1
DA:459,1
DA:460,1
DA:461,1
DA:462,1
DA:463,1
DA:464,1
DA:465,1
DA:466,1
DA:467,1
DA:468,1
DA:469,1
DA:470,1
DA:471,1
DA:472,1
DA:473,1
DA:474,1
DA:475,1
DA:476,1
DA:477,1
DA:478,1
DA:479,1
DA:480,1
DA:481,1
DA:482,1
DA:483,1
DA:484,1
DA:485,1
DA:486,1
DA:487,1
DA:488,1
DA:489,1
DA:490,1
DA:491,1
DA:492,1
DA:493,1
DA:494,1
DA:495,1
DA:496,1
DA:497,1
DA:498,1
DA:499,1
DA:500,1
DA:501,1
DA:502,1
DA:503,1
DA:504,1
DA:505,1
DA:506,1
DA:507,1
DA:508,1
DA:509,1
DA:510,1
DA:511,1
DA:512,1
DA:513,1
DA:514,1
DA:515,1
DA:516,1
DA:517,1
DA:518,1
DA:519,1
DA:520,1
DA:521,1
DA:522,1
DA:523,1
DA:524,1
DA:525,1
DA:526,1
DA:527,1
DA:528,1
DA:529,1
DA:530,1
DA:531,1
DA:532,1
DA:533,1
DA:534,1
DA:535,1
LF:535
LH:535
BRF:0
BRH:0
end_of_record
TN:
SF:src/controllers/AccountController.ts
FN:13,get
FNF:1
FNH:1
FNDA:80,get
DA:1,1
DA:2,1
DA:3,1
DA:4,1
DA:5,1
DA:6,1
DA:7,1
DA:8,1
DA:9,1
DA:10,1
DA:11,1
DA:12,1
DA:13,1
DA:14,80
DA:15,80
DA:16,80
DA:17,80
DA:18,80
DA:19,80
DA:20,0
DA:21,0
DA:22,0
DA:23,80
DA:24,1
LF:24
LH:21
BRDA:13,0,0,80
BRDA:16,1,0,0
BRDA:17,2,0,0
BRDA:19,3,0,0
BRF:4
BRH:1
end_of_record
TN:
SF:src/controllers/AuthController.ts
FN:17,logout
FN:23,login
FNF:2
FNH:0
FNDA:0,logout
FNDA:0,login
DA:1,1
DA:2,1
DA:3,1
DA:4,1
DA:5,1
DA:6,1
DA:7,1
DA:8,1
DA:9,1
DA:10,1
DA:11,1
DA:12,1
DA:13,1
DA:14,1
DA:15,1
DA:16,1
DA:17,1
DA:18,0
DA:19,0
DA:20,0
DA:21,0
DA:22,0
DA:23,1
DA:24,0
DA:25,0
DA:26,0
DA:27,0
DA:28,0
DA:29,0
DA:30,0
DA:31,0
DA:32,0
DA:33,0
DA:34,0
DA:35,0
DA:36,0
DA:37,0
DA:38,0
DA:39,0
DA:40,0
DA:41,0
DA:42,0
DA:43,0
DA:44,1
LF:44
LH:19
BRF:0
BRH:0
end_of_record
TN:
SF:src/controllers/OverviewController.ts
FN:13,overview
FNF:1
FNH:1
FNDA:31,overview
DA:1,1
DA:2,1
DA:3,1
DA:4,1
DA:5,1
DA:6,1
DA:7,1
DA:8,1
DA:9,1
DA:10,1
DA:11,1
DA:12,1
DA:13,1
DA:14,31
DA:15,31
DA:16,31
DA:17,31
DA:18,31
DA:19,0
DA:20,0
DA:21,0
DA:22,31
DA:23,1
LF:23
LH:20
BRDA:13,0,0,31
BRDA:16,1,0,0
BRDA:18,2,0,0
BRF:3
BRH:1
end_of_record
TN:
SF:src/controllers/ProfileController.ts
FN:16,profile
FN:34,confirmEmail
FNF:2
FNH:0
FNDA:0,profile
FNDA:0,confirmEmail
DA:1,1
DA:2,1
DA:3,1
DA:4,1
DA:5,1
DA:6,1
DA:7,1
DA:8,1
DA:9,1
DA:10,1
DA:11,1
DA:12,1
DA:13,1
DA:14,1
DA:15,1
DA:16,1
DA:17,0
DA:18,0
DA:19,0
DA:20,0
DA:21,0
DA:22,0
DA:23,0
DA:24,0
DA:25,0
DA:26,0
DA:27,0
DA:28,0
DA:29,0
DA:30,0
DA:31,0
DA:32,0
DA:33,1
DA:34,1
DA:35,0
DA:36,0
DA:37,0
DA:38,0
DA:39,0
DA:40,0
DA:41,0
DA:42,0
DA:43,0
DA:44,0
DA:45,0
DA:46,0
DA:47,0
DA:48,1
LF:48
LH:19
BRF:0
BRH:0
end_of_record
TN:
SF:src/controllers/RegisterController.ts
FN:14,signup
FNF:1
FNH:1
FNDA:56,signup
DA:1,1
DA:2,1
DA:3,1
DA:4,1
DA:5,1
DA:6,1
DA:7,1
DA:8,1
DA:9,1
DA:10,1
DA:11,1
DA:12,1
DA:13,1
DA:14,1
DA:15,56
DA:16,56
DA:17,56
DA:18,56
DA:19,56
DA:20,56
DA:21,56
DA:22,56
DA:23,51
DA:24,51
DA:25,51
DA:26,51
DA:27,51
DA:28,51
DA:29,51
DA:30,51
DA:31,51
DA:32,56
DA:33,5
DA:34,5
DA:35,5
DA:36,56
DA:37,1
LF:37
LH:37
BRDA:14,0,0,56
BRDA:23,1,0,51
BRDA:32,2,0,5
BRDA:24,3,0,51
BRF:4
BRH:4
end_of_record
TN:
SF:src/controllers/TransactionController.ts
FN:15,delete
FN:28,get
FN:65,getAll
FN:95,create
FN:130,patch
FNF:5
FNH:4
FNDA:1,delete
FNDA:4,get
FNDA:0,getAll
FNDA:31,create
FNDA:1,patch
DA:1,1
DA:2,1
DA:3,1
DA:4,1
DA:5,1
DA:6,1
DA:7,1
DA:8,1
DA:9,1
DA:10,1
DA:11,1
DA:12,1
DA:13,1
DA:14,1
DA:15,1
DA:16,1
DA:17,1
DA:18,1
DA:19,1
DA:20,1
DA:21,1
DA:22,1
DA:23,1
DA:24,0
DA:25,0
DA:26,0
DA:27,1
DA:28,1
DA:29,4
DA:30,4
DA:31,4
DA:32,4
DA:33,4
DA:34,4
DA:35,4
DA:36,0
DA:37,4
DA:38,2
DA:39,2
DA:40,2
DA:41,2
DA:42,2
DA:43,2
DA:44,2
DA:45,2
DA:46,2
DA:47,2
DA:48,2
DA:49,2
DA:50,2
DA:51,2
DA:52,2
DA:53,2
DA:54,2
DA:55,2
DA:56,2
DA:57,2
DA:58,2
DA:59,4
DA:60,2
DA:61,2
DA:62,2
DA:63,4
DA:64,1
DA:65,1
DA:66,0
DA:67,0
DA:68,0
DA:69,0
DA:70,0
DA:71,0
DA:72,0
DA:73,0
DA:74,0
DA:75,0
DA:76,0
DA:77,0
DA:78,0
DA:79,0
DA:80,0
DA:81,0
DA:82,0
DA:83,0
DA:84,0
DA:85,0
DA:86,0
DA:87,0
DA:88,0
DA:89,0
DA:90,0
DA:91,0
DA:92,0
DA:93,0
DA:94,1
DA:95,1
DA:96,31
DA:97,31
DA:98,31
DA:99,31
DA:100,31
DA:101,31
DA:102,31
DA:103,31
DA:104,31
DA:105,31
DA:106,31
DA:107,31
DA:108,31
DA:109,31
DA:110,31
DA:111,31
DA:112,31
DA:113,31
DA:114,31
DA:115,31
DA:116,31
DA:117,31
DA:118,31
DA:119,31
DA:120,31
DA:121,31
DA:122,31
DA:123,31
DA:124,31
DA:125,0
DA:126,0
DA:127,0
DA:128,31
DA:129,1
DA:130,1
DA:131,1
DA:132,1
DA:133,1
DA:134,1
DA:135,1
DA:136,1
DA:137,1
DA:138,1
DA:139,1
DA:140,1
DA:141,1
DA:142,1
DA:143,1
DA:144,1
DA:145,1
DA:146,1
DA:147,0
DA:148,0
DA:149,0
DA:150,1
DA:151,1
LF:151
LH:113
BRDA:15,0,0,1
BRDA:19,1,0,0
BRDA:23,2,0,0
BRDA:28,3,0,4
BRDA:32,4,0,0
BRDA:35,5,0,2
BRDA:35,6,0,0
BRDA:37,7,0,2
BRDA:42,8,0,0
BRDA:43,9,0,0
BRDA:44,10,0,0
BRDA:45,11,0,0
BRDA:46,12,0,0
BRDA:47,13,0,0
BRDA:48,14,0,0
BRDA:49,15,0,0
BRDA:50,16,0,0
BRDA:51,17,0,0
BRDA:52,18,0,0
BRDA:53,19,0,0
BRDA:54,20,0,0
BRDA:59,21,0,2
BRDA:95,22,0,31
BRDA:117,23,0,0
BRDA:124,24,0,0
BRDA:130,25,0,1
BRDA:134,26,0,0
BRDA:146,27,0,0
BRF:28
BRH:7
end_of_record
TN:
SF:src/helper/logger/Logger.ts
FN:10,deserialize
FN:32,Logger
FN:36,Of
FN:40,setLogLevel
FN:44,SetLogLevel
FN:50,debug
FN:60,info
FN:70,warn
FN:80,error
FN:90,format
FN:94,formatDate
FNF:11
FNH:11
FNDA:16,deserialize
FNDA:1839,Logger
FNDA:1839,Of
FNDA:10,setLogLevel
FNDA:10,SetLogLevel
FNDA:3,debug
FNDA:2680,info
FNDA:53,warn
FNDA:38,error
FNDA:2773,format
FNDA:2773,formatDate
DA:1,1
DA:2,1
DA:3,14
DA:4,14
DA:5,14
DA:6,14
DA:7,14
DA:8,14
DA:9,14
DA:10,1
DA:11,16
DA:12,16
DA:13,1
DA:14,16
DA:15,4
DA:16,16
DA:17,3
DA:18,16
DA:19,4
DA:20,16
DA:21,2
DA:22,16
DA:23,2
DA:24,16
DA:25,16
DA:26,1
DA:27,1
DA:28,1
DA:29,1
DA:30,1
DA:31,1
DA:32,1
DA:33,1839
DA:34,1839
DA:35,1
DA:36,1
DA:37,1839
DA:38,1839
DA:39,1
DA:40,1
DA:41,10
DA:42,10
DA:43,1
DA:44,1
DA:45,10
DA:46,10
DA:47,10
DA:48,10
DA:49,1
DA:50,1
DA:51,3
DA:52,1
DA:53,0
DA:54,1
DA:55,1
DA:56,1
DA:57,1
DA:58,3
DA:59,1
DA:60,1
DA:61,2680
DA:62,2680
DA:63,0
DA:64,2680
DA:65,2680
DA:66,2680
DA:67,2680
DA:68,2680
DA:69,1
DA:70,1
DA:71,53
DA:72,53
DA:73,1
DA:74,52
DA:75,52
DA:76,52
DA:77,53
DA:78,53
DA:79,1
DA:80,1
DA:81,38
DA:82,38
DA:83,1
DA:84,37
DA:85,37
DA:86,37
DA:87,38
DA:88,38
DA:89,1
DA:90,1
DA:91,2773
DA:92,2773
DA:93,1
DA:94,1
DA:95,2773
DA:96,2773
DA:97,2773
DA:98,2773
DA:99,2773
DA:100,2773
DA:101,2773
DA:102,1
LF:102
LH:100
BRDA:3,0,0,14
BRDA:10,1,0,16
BRDA:12,2,0,1
BRDA:14,3,0,4
BRDA:16,4,0,3
BRDA:18,5,0,4
BRDA:20,6,0,2
BRDA:22,7,0,2
BRDA:32,8,0,1839
BRDA:36,9,0,1839
BRDA:40,10,0,10
BRDA:44,11,0,10
BRDA:50,12,0,3
BRDA:51,13,0,1
BRDA:52,14,0,0
BRDA:60,15,0,2680
BRDA:62,16,0,0
BRDA:70,17,0,53
BRDA:72,18,0,52
BRDA:72,19,0,1
BRDA:80,20,0,38
BRDA:82,21,0,37
BRDA:82,22,0,1
BRDA:90,23,0,2773
BRDA:94,24,0,2773
BRF:25
BRH:23
end_of_record
TN:
SF:src/helper/logger/LoggerBase.ts
FN:6,LoggerBase
FNF:1
FNH:1
FNDA:1668,LoggerBase
DA:1,1
DA:2,1
DA:3,1
DA:4,1
DA:5,1
DA:6,1
DA:7,1668
DA:8,1668
DA:9,1668
DA:10,1
LF:10
LH:10
BRDA:6,0,0,1668
BRDA:7,1,0,0
BRDA:7,2,0,0
BRF:3
BRH:1
end_of_record
TN:
SF:src/helper/responseBuilder/ResponseBuilder.ts
FN:17,ResponseBuilder
FN:21,reset
FN:29,setStatus
FN:34,setErrors
FN:39,setError
FN:44,setData
FN:49,build
FNF:7
FNH:7
FNDA:234,ResponseBuilder
FNDA:468,reset
FNDA:234,setStatus
FNDA:25,setErrors
FNDA:12,setError
FNDA:197,setData
FNDA:234,build
DA:1,1
DA:2,1
DA:3,1
DA:4,1
DA:5,1
DA:6,1
DA:7,1
DA:8,1
DA:9,1
DA:10,1
DA:11,1
DA:12,1
DA:13,1
DA:14,1
DA:15,1
DA:16,1
DA:17,1
DA:18,234
DA:19,234
DA:20,1
DA:21,1
DA:22,468
DA:23,468
DA:24,468
DA:25,468
DA:26,468
DA:27,468
DA:28,1
DA:29,1
DA:30,234
DA:31,234
DA:32,234
DA:33,1
DA:34,1
DA:35,25
DA:36,25
DA:37,25
DA:38,1
DA:39,1
DA:40,12
DA:41,12
DA:42,12
DA:43,1
DA:44,1
DA:45,197
DA:46,197
DA:47,197
DA:48,1
DA:49,1
DA:50,234
DA:51,234
DA:52,234
DA:53,234
DA:54,1
LF:54
LH:54
BRDA:17,0,0,234
BRDA:21,1,0,468
BRDA:29,2,0,234
BRDA:34,3,0,25
BRDA:39,4,0,12
BRDA:40,5,0,0
BRDA:44,6,0,197
BRDA:49,7,0,234
BRF:8
BRH:7
end_of_record
TN:
SF:src/helper/responseBuilder/ResponseBuilderPreset.ts
FN:6,getSuccess
FN:10,getAuthError
FNF:2
FNH:1
FNDA:0,getSuccess
FNDA:1,getAuthError
DA:1,1
DA:2,1
DA:3,1
DA:4,1
DA:5,1
DA:6,1
DA:7,0
DA:8,0
DA:9,1
DA:10,1
DA:11,1
DA:12,1
DA:13,1
LF:13
LH:11
BRDA:10,0,0,1
BRF:1
BRH:1
end_of_record
TN:
SF:src/interfaces/IUserStatus.ts
FNF:0
FNH:0
DA:1,10
DA:2,10
DA:3,10
DA:4,10
LF:4
LH:4
BRDA:1,0,0,10
BRF:1
BRH:1
end_of_record
TN:
SF:src/middleware/checkCors.ts
FN:8,checkCors
FNF:1
FNH:1
FNDA:10,checkCors
DA:1,1
DA:2,1
DA:3,1
DA:4,1
DA:5,1
DA:6,1
DA:7,1
DA:8,1
LF:8
LH:8
BRDA:8,0,0,10
BRF:1
BRH:1
end_of_record
TN:
SF:src/middleware/checkOriginReferer.ts
FN:8,checkOriginReferer
FNF:1
FNH:1
FNDA:234,checkOriginReferer
DA:1,1
DA:2,1
DA:3,1
DA:4,1
DA:5,1
DA:6,1
DA:7,1
DA:8,1
DA:9,234
DA:10,234
DA:11,234
DA:12,234
DA:13,234
DA:14,0
DA:15,0
DA:16,0
DA:17,0
DA:18,0
DA:19,0
DA:20,0
DA:21,0
DA:22,0
DA:23,234
DA:24,234
DA:25,0
DA:26,0
DA:27,0
DA:28,0
DA:29,0
DA:30,0
DA:31,0
DA:32,0
DA:33,0
DA:34,234
DA:35,234
DA:36,234
LF:36
LH:18
BRDA:8,0,0,234
BRDA:13,1,0,0
BRDA:13,2,0,0
BRDA:24,3,0,0
BRDA:24,4,0,0
BRF:5
BRH:1
end_of_record
TN:
SF:src/middleware/sessionVerify.ts
FN:10,errorHandler
FN:16,sessionVerifyHandler
FN:51,sessionVerify
FN:54,sessionVerifyLogout
FNF:4
FNH:3
FNDA:1,errorHandler
FNDA:167,sessionVerifyHandler
FNDA:163,sessionVerify
FNDA:0,sessionVerifyLogout
DA:1,1
DA:2,1
DA:3,1
DA:4,1
DA:5,1
DA:6,1
DA:7,1
DA:8,1
DA:9,1
DA:10,1
DA:11,1
DA:12,1
DA:13,1
DA:14,1
DA:15,1
DA:16,1
DA:17,167
DA:18,167
DA:19,167
DA:20,167
DA:21,167
DA:22,167
DA:23,167
DA:24,167
DA:25,2
DA:26,2
DA:27,2
DA:28,165
DA:29,167
DA:30,0
DA:31,0
DA:32,0
DA:33,165
DA:34,165
DA:35,165
DA:36,165
DA:37,166
DA:38,1
DA:39,1
DA:40,1
DA:41,164
DA:42,166
DA:43,1
DA:44,1
DA:45,1
DA:46,163
DA:47,163
DA:48,163
DA:49,163
DA:50,1
DA:51,1
DA:52,163
DA:53,163
DA:54,1
DA:55,0
DA:56,0
DA:57,0
DA:58,0
DA:59,0
DA:60,1
DA:61,1
LF:61
LH:53
BRDA:10,0,0,1
BRDA:12,1,0,1
BRDA:16,2,0,167
BRDA:24,3,0,2
BRDA:28,4,0,165
BRDA:29,5,0,3
BRDA:29,6,0,162
BRDA:29,7,0,166
BRDA:29,8,0,0
BRDA:33,9,0,165
BRDA:37,10,0,1
BRDA:41,11,0,164
BRDA:42,12,0,163
BRDA:42,13,0,1
BRDA:51,14,0,163
BRDA:52,15,0,1
BRF:16
BRH:15
end_of_record
TN:
SF:src/middleware/tokenVerify.ts
FN:13,errorHandler
FN:18,tokenVerifyHandler
FN:52,extractToken
FN:59,tokenVerifyLogout
FN:66,tokenVerify
FNF:5
FNH:3
FNDA:0,errorHandler
FNDA:162,tokenVerifyHandler
FNDA:162,extractToken
FNDA:0,tokenVerifyLogout
FNDA:162,tokenVerify
DA:1,1
DA:2,1
DA:3,1
DA:4,1
DA:5,1
DA:6,1
DA:7,1
DA:8,1
DA:9,1
DA:10,1
DA:11,1
DA:12,1
DA:13,1
DA:14,0
DA:15,0
DA:16,0
DA:17,1
DA:18,1
DA:19,162
DA:20,162
DA:21,162
DA:22,162
DA:23,0
DA:24,0
DA:25,0
DA:26,162
DA:27,162
DA:28,0
DA:29,0
DA:30,0
DA:31,162
DA:32,162
DA:33,162
DA:34,162
DA:35,162
DA:36,162
DA:37,0
DA:38,0
DA:39,0
DA:40,162
DA:41,162
DA:42,162
DA:43,0
DA:44,0
DA:45,162
DA:46,162
DA:47,162
DA:48,162
DA:49,162
DA:50,162
DA:51,1
DA:52,1
DA:53,162
DA:54,162
DA:55,162
DA:56,0
DA:57,0
DA:58,1
DA:59,1
DA:60,0
DA:61,0
DA:62,0
DA:63,0
DA:64,0
DA:65,1
DA:66,1
DA:67,162
DA:68,162
DA:69,1
DA:70,1
LF:70
LH:49
BRDA:18,0,0,162
BRDA:22,1,0,0
BRDA:27,2,0,0
BRDA:27,3,0,0
BRDA:36,4,0,0
BRDA:41,5,0,0
BRDA:41,6,0,162
BRDA:42,7,0,0
BRDA:52,8,0,162
BRDA:56,9,0,0
BRDA:66,10,0,162
BRF:11
BRH:4
end_of_record
TN:
SF:src/middleware/userIdVerify.ts
FN:11,userIdVerify
FNF:1
FNH:1
FNDA:162,userIdVerify
DA:1,1
DA:2,1
DA:3,1
DA:4,1
DA:5,1
DA:6,1
DA:7,1
DA:8,1
DA:9,1
DA:10,1
DA:11,1
DA:12,162
DA:13,162
DA:14,0
DA:15,0
DA:16,0
DA:17,0
DA:18,0
DA:19,0
DA:20,162
DA:21,162
DA:22,162
DA:23,1
DA:24,1
LF:24
LH:18
BRDA:11,0,0,162
BRDA:13,1,0,0
BRF:2
BRH:1
end_of_record
TN:
SF:src/repositories/DatabaseConnection.ts
FN:20,instance
FN:24,DatabaseConnection
FN:48,engine
FN:56,close
FN:59,transaction
FNF:5
FNH:4
FNDA:817,instance
FNDA:18,DatabaseConnection
FNDA:560,engine
FNDA:0,close
FNDA:87,transaction
DA:1,1
DA:2,1
DA:3,1
DA:4,1
DA:5,1
DA:6,1
DA:7,1
DA:8,1
DA:9,1
DA:10,1
DA:11,1
DA:12,1
DA:13,1
DA:14,1
DA:15,1
DA:16,1
DA:17,1
DA:18,1
DA:19,1
DA:20,1
DA:21,817
DA:22,817
DA:23,1
DA:24,1
DA:25,18
DA:26,18
DA:27,18
DA:28,18
DA:29,18
DA:30,18
DA:31,18
DA:32,18
DA:33,18
DA:34,18
DA:35,18
DA:36,18
DA:37,18
DA:38,18
DA:39,18
DA:40,18
DA:41,18
DA:42,18
DA:43,18
DA:44,18
DA:45,18
DA:46,18
DA:47,1
DA:48,1
DA:49,560
DA:50,560
DA:51,560
DA:52,0
DA:53,0
DA:54,560
DA:55,1
DA:56,1
DA:57,0
DA:58,0
DA:59,1
DA:60,87
DA:61,87
DA:62,1
LF:62
LH:58
BRDA:20,0,0,817
BRDA:21,1,0,10
BRDA:24,2,0,18
BRDA:48,3,0,560
BRDA:51,4,0,0
BRDA:59,5,0,87
BRF:6
BRH:5
end_of_record
TN:
SF:src/repositories/DatabaseConnectionBuilder.ts
FN:5,build
FNF:1
FNH:1
FNDA:770,build
DA:1,1
DA:2,1
DA:3,1
DA:4,1
DA:5,1
DA:6,770
DA:7,770
DA:8,1
LF:8
LH:8
BRDA:5,0,0,770
BRF:1
BRH:1
end_of_record
TN:
SF:src/repositories/UnitOfWork.ts
FN:9,UnitOfWork
FN:14,start
FN:19,commit
FN:28,rollback
FN:37,getTransaction
FNF:5
FNH:5
FNDA:87,UnitOfWork
FNDA:87,start
FNDA:82,commit
FNDA:5,rollback
FNDA:86,getTransaction
DA:1,1
DA:2,1
DA:3,1
DA:4,1
DA:5,1
DA:6,1
DA:7,1
DA:8,1
DA:9,1
DA:10,87
DA:11,87
DA:12,87
DA:13,1
DA:14,1
DA:15,87
DA:16,87
DA:17,87
DA:18,1
DA:19,1
DA:20,82
DA:21,82
DA:22,82
DA:23,82
DA:24,0
DA:25,0
DA:26,82
DA:27,1
DA:28,1
DA:29,5
DA:30,5
DA:31,5
DA:32,5
DA:33,0
DA:34,0
DA:35,5
DA:36,1
DA:37,1
DA:38,86
DA:39,86
DA:40,86
DA:41,86
DA:42,0
DA:43,0
DA:44,0
DA:45,86
DA:46,1
LF:46
LH:39
BRDA:9,0,0,87
BRDA:14,1,0,87
BRDA:19,2,0,82
BRDA:23,3,0,0
BRDA:28,4,0,5
BRDA:32,5,0,0
BRDA:37,6,0,86
BRDA:41,7,0,0
BRF:8
BRH:5
end_of_record
TN:
SF:src/routes/account.ts
FNF:0
FNH:0
DA:1,1
DA:2,1
DA:3,1
DA:4,1
DA:5,1
DA:6,1
DA:7,1
DA:8,1
DA:9,1
DA:10,1
DA:11,1
DA:12,1
DA:13,1
LF:13
LH:13
BRF:0
BRH:0
end_of_record
TN:
SF:src/routes/auth.ts
FNF:0
FNH:0
DA:1,1
DA:2,1
DA:3,1
DA:4,1
DA:5,1
DA:6,1
DA:7,1
DA:8,1
DA:9,1
DA:10,1
DA:11,1
DA:12,1
DA:13,1
DA:14,1
DA:15,1
DA:16,1
DA:17,1
DA:18,1
DA:19,1
DA:20,1
DA:21,1
DA:22,1
DA:23,1
LF:23
LH:23
BRF:0
BRH:0
end_of_record
TN:
SF:src/routes/overview.ts
FNF:0
FNH:0
DA:1,1
DA:2,1
DA:3,1
DA:4,1
DA:5,1
DA:6,1
DA:7,1
DA:8,1
DA:9,1
DA:10,1
LF:10
LH:10
BRF:0
BRH:0
end_of_record
TN:
SF:src/routes/profile.ts
FNF:0
FNH:0
DA:1,1
DA:2,1
DA:3,1
DA:4,1
DA:5,1
DA:6,1
DA:7,1
DA:8,1
DA:9,1
DA:10,1
LF:10
LH:10
BRF:0
BRH:0
end_of_record
TN:
SF:src/routes/register.ts
FNF:0
FNH:0
DA:1,1
DA:2,1
DA:3,1
DA:4,1
DA:5,1
DA:6,1
DA:7,1
DA:8,1
DA:9,1
DA:10,1
DA:11,1
DA:12,1
DA:13,1
DA:14,1
DA:15,1
DA:16,1
DA:17,1
DA:18,1
LF:18
LH:18
BRF:0
BRH:0
end_of_record
TN:
SF:src/routes/transaction.ts
FNF:0
FNH:0
DA:1,1
DA:2,1
DA:3,1
DA:4,1
DA:5,1
DA:6,1
DA:7,1
DA:8,1
DA:9,1
DA:10,1
DA:11,1
DA:12,1
DA:13,1
DA:14,1
DA:15,1
DA:16,1
DA:17,1
DA:18,1
DA:19,1
DA:20,1
DA:21,1
DA:22,1
DA:23,1
DA:24,1
DA:25,1
DA:26,1
DA:27,1
DA:28,1
DA:29,1
DA:30,1
DA:31,1
DA:32,1
DA:33,1
DA:34,1
DA:35,1
DA:36,1
DA:37,1
DA:38,1
DA:39,1
DA:40,1
DA:41,1
DA:42,1
DA:43,1
DA:44,1
DA:45,1
DA:46,1
DA:47,1
DA:48,1
DA:49,1
DA:50,1
DA:51,1
DA:52,1
DA:53,1
LF:53
LH:53
BRF:0
BRH:0
end_of_record
TN:
SF:src/routes/user.ts
FNF:0
FNH:0
DA:1,1
DA:2,1
DA:3,1
DA:4,1
DA:5,1
DA:6,1
DA:7,1
DA:8,1
DA:9,1
DA:10,1
DA:11,1
DA:12,1
DA:13,1
DA:14,1
DA:15,1
DA:16,1
DA:17,1
DA:18,1
DA:19,1
DA:20,1
DA:21,1
DA:22,1
DA:23,1
DA:24,1
DA:25,1
DA:26,1
DA:27,1
DA:28,1
DA:29,1
DA:30,1
DA:31,1
LF:31
LH:31
BRF:0
BRH:0
end_of_record
TN:
SF:src/services/account/AccountDataAccess.ts
FN:15,AccountDataAccess
FN:19,createAccounts
FN:44,getAccounts
FN:70,getAccount
FN:99,patchAccount
FN:128,sanitizePatchAccountPropeties
FN:151,getAccountBaseQuery
FNF:7
FNH:7
FNDA:204,AccountDataAccess
FNDA:51,createAccounts
FNDA:31,getAccounts
FNDA:122,getAccount
FNDA:42,patchAccount
FNDA:42,sanitizePatchAccountPropeties
FNDA:153,getAccountBaseQuery
DA:1,1
DA:2,1
DA:3,1
DA:4,1
DA:5,1
DA:6,1
DA:7,1
DA:8,1
DA:9,1
DA:10,1
DA:11,1
DA:12,1
DA:13,1
DA:14,1
DA:15,1
DA:16,204
DA:17,204
DA:18,204
DA:19,1
DA:20,51
DA:21,51
DA:22,51
DA:23,51
DA:24,51
DA:25,51
DA:26,102
DA:27,102
DA:28,102
DA:29,102
DA:30,51
DA:31,51
DA:32,51
DA:33,51
DA:34,51
DA:35,51
DA:36,51
DA:37,0
DA:38,0
DA:39,0
DA:40,0
DA:41,0
DA:42,51
DA:43,1
DA:44,1
DA:45,31
DA:46,31
DA:47,31
DA:48,31
DA:49,31
DA:50,31
DA:51,31
DA:52,31
DA:53,0
DA:54,0
DA:55,0
DA:56,31
DA:57,31
DA:58,31
DA:59,31
DA:60,31
DA:61,31
DA:62,0
DA:63,0
DA:64,0
DA:65,0
DA:66,0
DA:67,0
DA:68,31
DA:69,1
DA:70,1
DA:71,122
DA:72,122
DA:73,122
DA:74,122
DA:75,122
DA:76,122
DA:77,122
DA:78,122
DA:79,122
DA:80,0
DA:81,0
DA:82,0
DA:83,122
DA:84,122
DA:85,122
DA:86,122
DA:87,122
DA:88,122
DA:89,0
DA:90,0
DA:91,0
DA:92,0
DA:93,0
DA:94,0
DA:95,0
DA:96,0
DA:97,122
DA:98,1
DA:99,1
DA:100,42
DA:101,42
DA:102,42
DA:103,42
DA:104,42
DA:105,42
DA:106,42
DA:107,42
DA:108,42
DA:109,0
DA:110,0
DA:111,0
DA:112,42
DA:113,42
DA:114,42
DA:115,42
DA:116,42
DA:117,42
DA:118,0
DA:119,0
DA:120,0
DA:121,0
DA:122,0
DA:123,0
DA:124,0
DA:125,0
DA:126,42
DA:127,1
DA:128,1
DA:129,42
DA:130,42
DA:131,42
DA:132,42
DA:133,42
DA:134,42
DA:135,42
DA:136,42
DA:137,210
DA:138,42
DA:139,42
DA:140,210
DA:141,42
DA:142,42
DA:143,42
DA:144,42
DA:145,0
DA:146,0
DA:147,42
DA:148,42
DA:149,42
DA:150,1
DA:151,1
DA:152,153
DA:153,153
DA:154,153
DA:155,153
DA:156,153
DA:157,153
DA:158,153
DA:159,153
DA:160,153
DA:161,153
DA:162,153
DA:163,153
DA:164,153
DA:165,1
LF:165
LH:127
BRDA:15,0,0,204
BRDA:19,1,0,51
BRDA:23,2,0,0
BRDA:36,3,0,0
BRDA:25,4,0,102
BRDA:44,5,0,31
BRDA:52,6,0,0
BRDA:61,7,0,0
BRDA:70,8,0,122
BRDA:79,9,0,0
BRDA:88,10,0,0
BRDA:99,11,0,42
BRDA:103,12,0,0
BRDA:108,13,0,0
BRDA:117,14,0,0
BRDA:128,15,0,42
BRDA:131,16,0,0
BRDA:144,17,0,0
BRDA:136,18,0,210
BRDA:137,19,0,42
BRDA:151,20,0,153
BRF:21
BRH:10
end_of_record
TN:
SF:src/services/account/AccountService.ts
FN:13,AccountService
FN:18,createAccounts
FN:21,patchAccount
FN:24,getAccount
FN:43,getAccounts
FNF:5
FNH:5
FNDA:204,AccountService
FNDA:51,createAccounts
FNDA:42,patchAccount
FNDA:122,getAccount
FNDA:31,getAccounts
DA:1,1
DA:2,1
DA:3,1
DA:4,1
DA:5,1
DA:6,1
DA:7,1
DA:8,1
DA:9,1
DA:10,1
DA:11,1
DA:12,1
DA:13,1
DA:14,204
DA:15,204
DA:16,204
DA:17,1
DA:18,1
DA:19,51
DA:20,51
DA:21,1
DA:22,42
DA:23,42
DA:24,1
DA:25,122
DA:26,122
DA:27,0
DA:28,0
DA:29,122
DA:30,0
DA:31,0
DA:32,122
DA:33,122
DA:34,122
DA:35,122
DA:36,122
DA:37,122
DA:38,122
DA:39,0
DA:40,0
DA:41,0
DA:42,122
DA:43,1
DA:44,31
DA:45,31
DA:46,1
LF:46
LH:39
BRDA:13,0,0,204
BRDA:18,1,0,51
BRDA:21,2,0,42
BRDA:24,3,0,122
BRDA:26,4,0,0
BRDA:29,5,0,0
BRDA:33,6,0,0
BRDA:36,7,0,0
BRDA:38,8,0,0
BRDA:43,9,0,31
BRF:10
BRH:5
end_of_record
TN:
SF:src/services/account/AccountServiceBuilder.ts
FN:7,build
FNF:1
FNH:1
FNDA:204,build
DA:1,1
DA:2,1
DA:3,1
DA:4,1
DA:5,1
DA:6,1
DA:7,1
DA:8,204
DA:9,204
DA:10,1
LF:10
LH:10
BRDA:7,0,0,204
BRDA:8,1,0,37
BRDA:8,2,0,167
BRF:3
BRH:3
end_of_record
TN:
SF:src/services/auth/AuthService.ts
FN:18,AuthService
FN:23,login
FN:48,createJWToken
FN:65,tokenNeedsRefresh
FNF:4
FNH:1
FNDA:0,AuthService
FNDA:0,login
FNDA:54,createJWToken
FNDA:0,tokenNeedsRefresh
DA:1,1
DA:2,1
DA:3,1
DA:4,1
DA:5,1
DA:6,1
DA:7,1
DA:8,1
DA:9,1
DA:10,1
DA:11,1
DA:12,1
DA:13,1
DA:14,1
DA:15,1
DA:16,1
DA:17,1
DA:18,1
DA:19,0
DA:20,0
DA:21,0
DA:22,1
DA:23,1
DA:24,0
DA:25,0
DA:26,0
DA:27,0
DA:28,0
DA:29,0
DA:30,0
DA:31,0
DA:32,0
DA:33,0
DA:34,0
DA:35,0
DA:36,0
DA:37,0
DA:38,0
DA:39,0
DA:40,0
DA:41,0
DA:42,0
DA:43,0
DA:44,0
DA:45,0
DA:46,0
DA:47,1
DA:48,1
DA:49,54
DA:50,54
DA:51,0
DA:52,0
DA:53,0
DA:54,0
DA:55,0
DA:56,0
DA:57,54
DA:58,54
DA:59,54
DA:60,54
DA:61,54
DA:62,54
DA:63,54
DA:64,1
DA:65,1
DA:66,0
DA:67,0
DA:68,0
DA:69,0
DA:70,1
LF:70
LH:34
BRDA:48,0,0,54
BRDA:50,1,0,0
BRF:2
BRH:1
end_of_record
TN:
SF:src/services/auth/AuthServiceBuilder.ts
FN:5,build
FNF:1
FNH:0
FNDA:0,build
DA:1,1
DA:2,1
DA:3,1
DA:4,1
DA:5,1
DA:6,0
DA:7,0
DA:8,0
DA:9,0
DA:10,1
LF:10
LH:6
BRF:0
BRH:0
end_of_record
TN:
SF:src/services/auth/passport-setup.ts
FN:19,passportSetup
FNF:1
FNH:1
FNDA:10,passportSetup
DA:1,1
DA:2,1
DA:3,1
DA:4,1
DA:5,1
DA:6,1
DA:7,1
DA:8,1
DA:9,1
DA:10,1
DA:11,1
DA:12,1
DA:13,1
DA:14,1
DA:15,1
DA:16,1
DA:17,1
DA:18,1
DA:19,1
DA:20,10
DA:21,10
DA:22,0
DA:23,0
DA:24,0
DA:25,0
DA:26,0
DA:27,0
DA:28,0
DA:29,0
DA:30,0
DA:31,0
DA:32,0
DA:33,0
DA:34,0
DA:35,10
DA:36,10
DA:37,10
DA:38,1
DA:39,1
LF:39
LH:26
BRDA:19,0,0,10
BRF:1
BRH:1
end_of_record
TN:
SF:src/services/category/CategoryDataAccess.ts
FN:14,CategoryDataAccess
FN:19,createCategories
FN:47,getCategories
FN:70,getCategory
FN:96,getCategoryBaseQuery
FNF:5
FNH:4
FNDA:87,CategoryDataAccess
FNDA:51,createCategories
FNDA:31,getCategories
FNDA:0,getCategory
FNDA:31,getCategoryBaseQuery
DA:1,1
DA:2,1
DA:3,1
DA:4,1
DA:5,1
DA:6,1
DA:7,1
DA:8,1
DA:9,1
DA:10,1
DA:11,1
DA:12,1
DA:13,1
DA:14,1
DA:15,87
DA:16,87
DA:17,87
DA:18,1
DA:19,1
DA:20,51
DA:21,51
DA:22,51
DA:23,51
DA:24,51
DA:25,612
DA:26,612
DA:27,612
DA:28,51
DA:29,51
DA:30,51
DA:31,51
DA:32,51
DA:33,51
DA:34,51
DA:35,51
DA:36,51
DA:37,51
DA:38,51
DA:39,51
DA:40,0
DA:41,0
DA:42,0
DA:43,0
DA:44,0
DA:45,51
DA:46,1
DA:47,1
DA:48,31
DA:49,31
DA:50,31
DA:51,31
DA:52,31
DA:53,31
DA:54,31
DA:55,31
DA:56,31
DA:57,31
DA:58,0
DA:59,0
DA:60,31
DA:61,31
DA:62,0
DA:63,0
DA:64,0
DA:65,0
DA:66,0
DA:67,0
DA:68,31
DA:69,1
DA:70,1
DA:71,0
DA:72,0
DA:73,0
DA:74,0
DA:75,0
DA:76,0
DA:77,0
DA:78,0
DA:79,0
DA:80,0
DA:81,0
DA:82,0
DA:83,0
DA:84,0
DA:85,0
DA:86,0
DA:87,0
DA:88,0
DA:89,0
DA:90,0
DA:91,0
DA:92,0
DA:93,0
DA:94,0
DA:95,1
DA:96,1
DA:97,31
DA:98,31
DA:99,31
DA:100,31
DA:101,31
DA:102,31
DA:103,31
DA:104,31
DA:105,31
DA:106,31
DA:107,31
DA:108,1
LF:108
LH:71
BRDA:14,0,0,87
BRDA:19,1,0,51
BRDA:21,2,0,0
BRDA:39,3,0,0
BRDA:24,4,0,612
BRDA:47,5,0,31
BRDA:57,6,0,0
BRDA:61,7,0,0
BRDA:96,8,0,31
BRF:9
BRH:5
end_of_record
TN:
SF:src/services/category/CategoryService.ts
FN:10,CategoryService
FN:14,createCategories
FN:17,getCategory
FN:20,getCategories
FNF:4
FNH:3
FNDA:87,CategoryService
FNDA:51,createCategories
FNDA:0,getCategory
FNDA:31,getCategories
DA:1,1
DA:2,1
DA:3,1
DA:4,1
DA:5,1
DA:6,1
DA:7,1
DA:8,1
DA:9,1
DA:10,1
DA:11,87
DA:12,87
DA:13,1
DA:14,1
DA:15,51
DA:16,51
DA:17,1
DA:18,0
DA:19,0
DA:20,1
DA:21,31
DA:22,31
DA:23,1
LF:23
LH:21
BRDA:10,0,0,87
BRDA:14,1,0,51
BRDA:20,2,0,31
BRF:3
BRH:3
end_of_record
TN:
SF:src/services/category/CategoryServiceBuilder.ts
FN:7,build
FNF:1
FNH:1
FNDA:87,build
DA:1,1
DA:2,1
DA:3,1
DA:4,1
DA:5,1
DA:6,1
DA:7,1
DA:8,87
DA:9,87
DA:10,1
LF:10
LH:10
BRDA:7,0,0,87
BRDA:8,1,0,0
BRF:2
BRH:1
end_of_record
TN:
SF:src/services/currency/CurrencyDataAccess.ts
FN:13,CurrencyDataAccess
FN:18,getCurrencies
FN:31,getCurrencyById
FN:57,getCurrencyByCurrencyCode
FNF:4
FNH:2
FNDA:56,CurrencyDataAccess
FNDA:0,getCurrencies
FNDA:0,getCurrencyById
FNDA:54,getCurrencyByCurrencyCode
DA:1,1
DA:2,1
DA:3,1
DA:4,1
DA:5,1
DA:6,1
DA:7,1
DA:8,1
DA:9,1
DA:10,1
DA:11,1
DA:12,1
DA:13,1
DA:14,56
DA:15,56
DA:16,56
DA:17,1
DA:18,1
DA:19,0
DA:20,0
DA:21,0
DA:22,0
DA:23,0
DA:24,0
DA:25,0
DA:26,0
DA:27,0
DA:28,0
DA:29,0
DA:30,1
DA:31,1
DA:32,0
DA:33,0
DA:34,0
DA:35,0
DA:36,0
DA:37,0
DA:38,0
DA:39,0
DA:40,0
DA:41,0
DA:42,0
DA:43,0
DA:44,0
DA:45,0
DA:46,0
DA:47,0
DA:48,0
DA:49,0
DA:50,0
DA:51,0
DA:52,0
DA:53,0
DA:54,0
DA:55,0
DA:56,1
DA:57,1
DA:58,54
DA:59,54
DA:60,54
DA:61,54
DA:62,54
DA:63,54
DA:64,54
DA:65,54
DA:66,54
DA:67,54
DA:68,54
DA:69,54
DA:70,54
DA:71,0
DA:72,0
DA:73,0
DA:74,0
DA:75,54
DA:76,0
DA:77,0
DA:78,0
DA:79,0
DA:80,0
DA:81,0
DA:82,54
DA:83,1
LF:83
LH:38
BRDA:13,0,0,56
BRDA:57,1,0,54
BRDA:70,2,0,0
BRDA:75,3,0,0
BRF:4
BRH:2
end_of_record
TN:
SF:src/services/currency/CurrencyService.ts
FN:8,CurrencyService
FN:12,getCurrencyByCurrencyCode
FN:16,getCurrencyById
FN:20,getCurrencies
FNF:4
FNH:2
FNDA:56,CurrencyService
FNDA:54,getCurrencyByCurrencyCode
FNDA:0,getCurrencyById
FNDA:0,getCurrencies
DA:1,1
DA:2,1
DA:3,1
DA:4,1
DA:5,1
DA:6,1
DA:7,1
DA:8,1
DA:9,56
DA:10,56
DA:11,1
DA:12,1
DA:13,54
DA:14,54
DA:15,1
DA:16,1
DA:17,0
DA:18,0
DA:19,1
DA:20,1
DA:21,0
DA:22,0
DA:23,1
LF:23
LH:19
BRDA:8,0,0,56
BRDA:12,1,0,54
BRF:2
BRH:2
end_of_record
TN:
SF:src/services/currency/CurrencyServiceBuilder.ts
FN:6,build
FNF:1
FNH:1
FNDA:56,build
DA:1,1
DA:2,1
DA:3,1
DA:4,1
DA:5,1
DA:6,1
DA:7,56
DA:8,56
DA:9,1
LF:9
LH:9
BRDA:6,0,0,56
BRF:1
BRH:1
end_of_record
TN:
SF:src/services/emailConfirmation/EmailConfirmationDataAccess.ts
FN:11,EmailConfirmationDataAccess
FN:16,deleteUserConfirmation
FN:41,getUserConfirmationWithEmail
FN:68,getUserConfirmationWithCode
FN:95,createUserConfirmation
FNF:5
FNH:4
FNDA:56,EmailConfirmationDataAccess
FNDA:0,deleteUserConfirmation
FNDA:51,getUserConfirmationWithEmail
FNDA:51,getUserConfirmationWithCode
FNDA:51,createUserConfirmation
DA:1,1
DA:2,1
DA:3,1
DA:4,1
DA:5,1
DA:6,1
DA:7,1
DA:8,1
DA:9,1
DA:10,1
DA:11,1
DA:12,56
DA:13,56
DA:14,56
DA:15,1
DA:16,1
DA:17,0
DA:18,0
DA:19,0
DA:20,0
DA:21,0
DA:22,0
DA:23,0
DA:24,0
DA:25,0
DA:26,0
DA:27,0
DA:28,0
DA:29,0
DA:30,0
DA:31,0
DA:32,0
DA:33,0
DA:34,0
DA:35,0
DA:36,0
DA:37,0
DA:38,0
DA:39,0
DA:40,1
DA:41,1
DA:42,51
DA:43,51
DA:44,51
DA:45,51
DA:46,51
DA:47,51
DA:48,51
DA:49,51
DA:50,51
DA:51,51
DA:52,51
DA:53,51
DA:54,0
DA:55,0
DA:56,51
DA:57,51
DA:58,51
DA:59,0
DA:60,0
DA:61,0
DA:62,0
DA:63,0
DA:64,0
DA:65,0
DA:66,51
DA:67,1
DA:68,1
DA:69,51
DA:70,51
DA:71,51
DA:72,51
DA:73,51
DA:74,51
DA:75,51
DA:76,51
DA:77,51
DA:78,51
DA:79,0
DA:80,51
DA:81,51
DA:82,51
DA:83,51
DA:84,51
DA:85,51
DA:86,0
DA:87,0
DA:88,0
DA:89,0
DA:90,0
DA:91,0
DA:92,0
DA:93,51
DA:94,1
DA:95,1
DA:96,51
DA:97,51
DA:98,51
DA:99,51
DA:100,51
DA:101,51
DA:102,51
DA:103,51
DA:104,51
DA:105,51
DA:106,51
DA:107,51
DA:108,51
DA:109,51
DA:110,51
DA:111,51
DA:112,51
DA:113,51
DA:114,51
DA:115,51
DA:116,51
DA:117,0
DA:118,0
DA:119,0
DA:120,0
DA:121,0
DA:122,0
DA:123,0
DA:124,51
DA:125,1
LF:125
LH:78
BRDA:11,0,0,56
BRDA:41,1,0,51
BRDA:53,2,0,0
BRDA:58,3,0,0
BRDA:68,4,0,51
BRDA:78,5,0,0
BRDA:85,6,0,0
BRDA:95,7,0,51
BRDA:108,8,0,0
BRDA:116,9,0,0
BRF:10
BRH:4
end_of_record
TN:
SF:src/services/emailConfirmation/EmailConfirmationService.ts
FN:31,EmailConfirmationService
FN:44,createConfirmationKey
FN:50,sendMail
FN:77,isConfirmationCodeAlreadySend
FN:82,createConfirmationMail
FN:117,sendConfirmationMailToUser
FN:130,deleteUserConfirmation
FN:134,getUserConfirmation
FNF:8
FNH:6
FNDA:55,EmailConfirmationService
FNDA:51,createConfirmationKey
FNDA:51,sendMail
FNDA:51,isConfirmationCodeAlreadySend
FNDA:51,createConfirmationMail
FNDA:51,sendConfirmationMailToUser
FNDA:0,deleteUserConfirmation
FNDA:0,getUserConfirmation
DA:1,1
DA:2,1
DA:3,1
DA:4,1
DA:5,1
DA:6,1
DA:7,1
DA:8,1
DA:9,1
DA:10,1
DA:11,1
DA:12,1
DA:13,1
DA:14,1
DA:15,1
DA:16,1
DA:17,1
DA:18,1
DA:19,1
DA:20,1
DA:21,1
DA:22,1
DA:23,1
DA:24,1
DA:25,1
DA:26,1
DA:27,1
DA:28,1
DA:29,1
DA:30,1
DA:31,1
DA:32,55
DA:33,55
DA:34,55
DA:35,55
DA:36,55
DA:37,55
DA:38,55
DA:39,55
DA:40,55
DA:41,55
DA:42,55
DA:43,1
DA:44,1
DA:45,51
DA:46,51
DA:47,51
DA:48,51
DA:49,1
DA:50,1
DA:51,51
DA:52,51
DA:53,51
DA:54,51
DA:55,51
DA:56,51
DA:57,51
DA:58,51
DA:59,51
DA:60,51
DA:61,51
DA:62,51
DA:63,51
DA:64,51
DA:65,51
DA:66,51
DA:67,51
DA:68,0
DA:69,50
DA:70,47
DA:71,47
DA:72,47
DA:73,47
DA:74,47
DA:75,51
DA:76,1
DA:77,1
DA:78,51
DA:79,51
DA:80,51
DA:81,1
DA:82,1
DA:83,51
DA:84,51
DA:85,51
DA:86,51
DA:87,51
DA:88,51
DA:89,51
DA:90,51
DA:91,51
DA:92,51
DA:93,51
DA:94,51
DA:95,51
DA:96,51
DA:97,51
DA:98,51
DA:99,51
DA:100,51
DA:101,51
DA:102,51
DA:103,51
DA:104,51
DA:105,51
DA:106,51
DA:107,0
DA:108,0
DA:109,0
DA:110,0
DA:111,0
DA:112,0
DA:113,0
DA:114,0
DA:115,51
DA:116,1
DA:117,1
DA:118,51
DA:119,51
DA:120,0
DA:121,0
DA:122,0
DA:123,0
DA:124,0
DA:125,51
DA:126,51
DA:127,0
DA:128,0
DA:129,1
DA:130,1
DA:131,0
DA:132,0
DA:133,1
DA:134,1
DA:135,0
DA:136,0
DA:137,1
LF:137
LH:117
BRDA:31,0,0,55
BRDA:44,1,0,51
BRDA:50,2,0,51
BRDA:68,3,0,50
BRDA:68,4,0,0
BRDA:69,5,0,47
BRDA:77,6,0,51
BRDA:79,7,0,0
BRDA:82,8,0,51
BRDA:107,9,0,0
BRDA:117,10,0,51
BRDA:119,11,0,0
BRDA:119,12,0,0
BRDA:127,13,0,0
BRF:14
BRH:8
end_of_record
TN:
SF:src/services/group/GroupDataAccess.ts
FN:10,GroupDataAccess
FN:15,createGroup
FNF:2
FNH:2
FNDA:56,GroupDataAccess
FNDA:51,createGroup
DA:1,1
DA:2,1
DA:3,1
DA:4,1
DA:5,1
DA:6,1
DA:7,1
DA:8,1
DA:9,1
DA:10,1
DA:11,56
DA:12,56
DA:13,56
DA:14,1
DA:15,1
DA:16,51
DA:17,51
DA:18,51
DA:19,51
DA:20,51
DA:21,51
DA:22,51
DA:23,0
DA:24,0
DA:25,0
DA:26,0
DA:27,0
DA:28,51
DA:29,1
LF:29
LH:24
BRDA:10,0,0,56
BRDA:15,1,0,51
BRDA:18,2,0,0
BRDA:22,3,0,0
BRF:4
BRH:2
end_of_record
TN:
SF:src/services/group/GroupService.ts
FN:9,GroupService
FN:13,createGroup
FNF:2
FNH:2
FNDA:56,GroupService
FNDA:51,createGroup
DA:1,1
DA:2,1
DA:3,1
DA:4,1
DA:5,1
DA:6,1
DA:7,1
DA:8,1
DA:9,1
DA:10,56
DA:11,56
DA:12,1
DA:13,1
DA:14,51
DA:15,51
DA:16,1
LF:16
LH:16
BRDA:9,0,0,56
BRDA:13,1,0,51
BRF:2
BRH:2
end_of_record
TN:
SF:src/services/group/GroupServiceBuilder.ts
FN:6,build
FNF:1
FNH:1
FNDA:56,build
DA:1,1
DA:2,1
DA:3,1
DA:4,1
DA:5,1
DA:6,1
DA:7,56
DA:8,56
DA:9,1
LF:9
LH:9
BRDA:6,0,0,56
BRF:1
BRH:1
end_of_record
TN:
SF:src/services/income/IncomeDataAccess.ts
FN:14,IncomeDataAccess
FN:19,createIncomes
FN:39,getIncomes
FN:57,getIncome
FN:83,getIncomeBaseQuery
FNF:5
FNH:4
FNDA:87,IncomeDataAccess
FNDA:51,createIncomes
FNDA:31,getIncomes
FNDA:0,getIncome
FNDA:31,getIncomeBaseQuery
DA:1,1
DA:2,1
DA:3,1
DA:4,1
DA:5,1
DA:6,1
DA:7,1
DA:8,1
DA:9,1
DA:10,1
DA:11,1
DA:12,1
DA:13,1
DA:14,1
DA:15,87
DA:16,87
DA:17,87
DA:18,1
DA:19,1
DA:20,51
DA:21,51
DA:22,51
DA:23,51
DA:24,51
DA:25,51
DA:26,51
DA:27,51
DA:28,51
DA:29,51
DA:30,51
DA:31,51
DA:32,0
DA:33,0
DA:34,0
DA:35,0
DA:36,0
DA:37,51
DA:38,1
DA:39,1
DA:40,31
DA:41,31
DA:42,31
DA:43,31
DA:44,31
DA:45,31
DA:46,31
DA:47,31
DA:48,31
DA:49,31
DA:50,0
DA:51,0
DA:52,0
DA:53,0
DA:54,0
DA:55,31
DA:56,1
DA:57,1
DA:58,0
DA:59,0
DA:60,0
DA:61,0
DA:62,0
DA:63,0
DA:64,0
DA:65,0
DA:66,0
DA:67,0
DA:68,0
DA:69,0
DA:70,0
DA:71,0
DA:72,0
DA:73,0
DA:74,0
DA:75,0
DA:76,0
DA:77,0
DA:78,0
DA:79,0
DA:80,0
DA:81,0
DA:82,1
DA:83,1
DA:84,31
DA:85,31
DA:86,31
DA:87,31
DA:88,31
DA:89,31
DA:90,31
DA:91,31
DA:92,31
DA:93,31
DA:94,31
DA:95,1
LF:95
LH:61
BRDA:14,0,0,87
BRDA:19,1,0,51
BRDA:23,2,0,0
BRDA:31,3,0,0
BRDA:25,4,0,102
BRDA:39,5,0,31
BRDA:49,6,0,0
BRDA:83,7,0,31
BRF:8
BRH:5
end_of_record
TN:
SF:src/services/income/IncomeService.ts
FN:10,IncomeService
FN:14,createIncomes
FN:17,getIncome
FN:20,getIncomes
FNF:4
FNH:3
FNDA:87,IncomeService
FNDA:51,createIncomes
FNDA:0,getIncome
FNDA:31,getIncomes
DA:1,1
DA:2,1
DA:3,1
DA:4,1
DA:5,1
DA:6,1
DA:7,1
DA:8,1
DA:9,1
DA:10,1
DA:11,87
DA:12,87
DA:13,1
DA:14,1
DA:15,51
DA:16,51
DA:17,1
DA:18,0
DA:19,0
DA:20,1
DA:21,31
DA:22,31
DA:23,1
LF:23
LH:21
BRDA:10,0,0,87
BRDA:14,1,0,51
BRDA:20,2,0,31
BRF:3
BRH:3
end_of_record
TN:
SF:src/services/income/IncomeServiceBuilder.ts
FN:6,build
FNF:1
FNH:1
FNDA:87,build
DA:1,1
DA:2,1
DA:3,1
DA:4,1
DA:5,1
DA:6,1
DA:7,87
DA:8,87
DA:9,1
LF:9
LH:9
BRDA:6,0,0,87
BRF:1
BRH:1
end_of_record
TN:
SF:src/services/mail/MailEngineBuilder.ts
FN:7,build
FNF:1
FNH:1
FNDA:112,build
DA:1,1
DA:2,1
DA:3,1
DA:4,1
DA:5,1
DA:6,1
DA:7,1
DA:8,112
DA:9,112
DA:10,1
LF:10
LH:10
BRDA:7,0,0,112
BRF:1
BRH:1
end_of_record
TN:
SF:src/services/mail/MailService.ts
FN:12,MailService
FN:17,sendMail
FNF:2
FNH:2
FNDA:112,MailService
FNDA:51,sendMail
DA:1,1
DA:2,1
DA:3,1
DA:4,1
DA:5,1
DA:6,1
DA:7,1
DA:8,1
DA:9,1
DA:10,1
DA:11,1
DA:12,1
DA:13,112
DA:14,112
DA:15,112
DA:16,1
DA:17,1
DA:18,51
DA:19,51
DA:20,0
DA:21,0
DA:22,0
DA:23,1
LF:23
LH:20
BRDA:12,0,0,112
BRDA:17,1,0,51
BRDA:20,2,0,0
BRF:3
BRH:2
end_of_record
TN:
SF:src/services/mail/Mailersend.ts
FN:15,MailerSend
FN:21,send
FNF:2
FNH:2
FNDA:112,MailerSend
FNDA:51,send
DA:1,1
DA:2,1
DA:3,1
DA:4,1
DA:5,1
DA:6,1
DA:7,1
DA:8,1
DA:9,1
DA:10,1
DA:11,1
DA:12,1
DA:13,1
DA:14,1
DA:15,1
DA:16,112
DA:17,112
DA:18,112
DA:19,112
DA:20,1
DA:21,1
DA:22,51
DA:23,51
DA:24,51
DA:25,51
DA:26,0
DA:27,0
DA:28,51
DA:29,51
DA:30,51
DA:31,51
DA:32,51
DA:33,51
DA:34,51
DA:35,51
DA:36,51
DA:37,51
DA:38,51
DA:39,51
DA:40,51
DA:41,0
DA:42,0
DA:43,0
DA:44,0
DA:45,0
DA:46,1
LF:46
LH:39
BRDA:15,0,0,112
BRDA:21,1,0,51
BRDA:25,2,0,0
BRDA:41,3,0,0
BRDA:23,4,0,51
BRDA:33,5,0,51
BRF:6
BRH:4
end_of_record
TN:
SF:src/services/mailTamplate/MailTemplateBuilder.ts
FN:6,build
FNF:1
FNH:1
FNDA:112,build
DA:1,1
DA:2,1
DA:3,1
DA:4,1
DA:5,1
DA:6,1
DA:7,112
DA:8,112
DA:9,1
LF:9
LH:9
BRDA:6,0,0,112
BRF:1
BRH:1
end_of_record
TN:
SF:src/services/mailTamplate/MailTemplateService.ts
FN:10,MailTemplateService
FN:15,getConfirmMailTemplate
FN:19,getForgetPasswordTemplate
FNF:3
FNH:2
FNDA:112,MailTemplateService
FNDA:51,getConfirmMailTemplate
FNDA:0,getForgetPasswordTemplate
DA:1,1
DA:2,1
DA:3,1
DA:4,1
DA:5,1
DA:6,1
DA:7,1
DA:8,1
DA:9,1
DA:10,1
DA:11,112
DA:12,112
DA:13,112
DA:14,1
DA:15,1
DA:16,51
DA:17,51
DA:18,1
DA:19,1
DA:20,0
DA:21,0
DA:22,1
LF:22
LH:20
BRDA:10,0,0,112
BRDA:15,1,0,51
BRF:2
BRH:2
end_of_record
TN:
SF:src/services/mailTamplate/MailersendTemplate.ts
FN:4,getConfirmMailTemplate
FN:8,getForgetPasswordTemplate
FNF:2
FNH:1
FNDA:51,getConfirmMailTemplate
FNDA:0,getForgetPasswordTemplate
DA:1,1
DA:2,1
DA:3,1
DA:4,1
DA:5,51
DA:6,51
DA:7,1
DA:8,1
DA:9,0
DA:10,0
DA:11,1
LF:11
LH:9
BRDA:4,0,0,51
BRF:1
BRH:1
end_of_record
TN:
SF:src/services/overview/OverviewService.ts
FN:21,OverviewService
FN:28,buildOverviewResponse
FN:44,overview
FNF:3
FNH:3
FNDA:31,OverviewService
FNDA:31,buildOverviewResponse
FNDA:31,overview
DA:1,1
DA:2,1
DA:3,1
DA:4,1
DA:5,1
DA:6,1
DA:7,1
DA:8,1
DA:9,1
DA:10,1
DA:11,1
DA:12,1
DA:13,1
DA:14,1
DA:15,1
DA:16,1
DA:17,1
DA:18,1
DA:19,1
DA:20,1
DA:21,1
DA:22,31
DA:23,31
DA:24,31
DA:25,31
DA:26,31
DA:27,1
DA:28,1
DA:29,31
DA:30,31
DA:31,31
DA:32,31
DA:33,31
DA:34,31
DA:35,31
DA:36,31
DA:37,31
DA:38,31
DA:39,31
DA:40,31
DA:41,31
DA:42,31
DA:43,1
DA:44,1
DA:45,31
DA:46,31
DA:47,0
DA:48,0
DA:49,0
DA:50,0
DA:51,0
DA:52,0
DA:53,31
DA:54,31
DA:55,31
DA:56,31
DA:57,31
DA:58,31
DA:59,31
DA:60,31
DA:61,31
DA:62,0
DA:63,0
DA:64,0
DA:65,31
DA:66,1
LF:66
LH:57
BRDA:21,0,0,31
BRDA:28,1,0,31
BRDA:38,2,0,0
BRDA:39,3,0,0
BRDA:40,4,0,0
BRDA:44,5,0,31
BRDA:46,6,0,0
BRDA:61,7,0,0
BRF:8
BRH:3
end_of_record
TN:
SF:src/services/overview/OverviewServiceBuilder.ts
FN:7,build
FNF:1
FNH:1
FNDA:31,build
DA:1,1
DA:2,1
DA:3,1
DA:4,1
DA:5,1
DA:6,1
DA:7,1
DA:8,31
DA:9,31
DA:10,31
DA:11,31
DA:12,31
DA:13,31
DA:14,1
LF:14
LH:14
BRDA:7,0,0,31
BRF:1
BRH:1
end_of_record
TN:
SF:src/services/profile/ProfileDataAccess.ts
FN:11,ProfileDataService
FN:15,createProfile
FN:34,getProfile
FN:64,confirmationUserMail
FNF:4
FNH:2
FNDA:56,ProfileDataService
FNDA:52,createProfile
FNDA:0,getProfile
FNDA:0,confirmationUserMail
DA:1,1
DA:2,1
DA:3,1
DA:4,1
DA:5,1
DA:6,1
DA:7,1
DA:8,1
DA:9,1
DA:10,1
DA:11,1
DA:12,56
DA:13,56
DA:14,56
DA:15,1
DA:16,52
DA:17,52
DA:18,52
DA:19,52
DA:20,52
DA:21,52
DA:22,52
DA:23,0
DA:24,0
DA:25,52
DA:26,52
DA:27,52
DA:28,52
DA:29,0
DA:30,0
DA:31,0
DA:32,52
DA:33,1
DA:34,1
DA:35,0
DA:36,0
DA:37,0
DA:38,0
DA:39,0
DA:40,0
DA:41,0
DA:42,0
DA:43,0
DA:44,0
DA:45,0
DA:46,0
DA:47,0
DA:48,0
DA:49,0
DA:50,0
DA:51,0
DA:52,0
DA:53,0
DA:54,0
DA:55,0
DA:56,0
DA:57,0
DA:58,0
DA:59,0
DA:60,0
DA:61,0
DA:62,0
DA:63,1
DA:64,1
DA:65,0
DA:66,0
DA:67,0
DA:68,0
DA:69,0
DA:70,0
DA:71,0
DA:72,0
DA:73,0
DA:74,0
DA:75,0
DA:76,0
DA:77,0
DA:78,0
DA:79,0
DA:80,0
DA:81,0
DA:82,0
DA:83,0
DA:84,0
DA:85,1
LF:85
LH:32
BRDA:11,0,0,56
BRDA:15,1,0,52
BRDA:19,2,0,0
BRDA:22,3,0,0
BRDA:22,4,0,0
BRDA:28,5,0,0
BRF:6
BRH:2
end_of_record
TN:
SF:src/services/profile/ProfileService.ts
FN:11,ProfileService
FN:16,createProfile
FN:20,getProfile
FN:24,confirmationUserMail
FNF:4
FNH:2
FNDA:55,ProfileService
FNDA:52,createProfile
FNDA:0,getProfile
FNDA:0,confirmationUserMail
DA:1,1
DA:2,1
DA:3,1
DA:4,1
DA:5,1
DA:6,1
DA:7,1
DA:8,1
DA:9,1
DA:10,1
DA:11,1
DA:12,55
DA:13,55
DA:14,55
DA:15,1
DA:16,1
DA:17,52
DA:18,52
DA:19,1
DA:20,1
DA:21,0
DA:22,0
DA:23,1
DA:24,1
DA:25,0
DA:26,0
DA:27,1
LF:27
LH:23
BRDA:11,0,0,55
BRDA:16,1,0,52
BRF:2
BRH:2
end_of_record
TN:
SF:src/services/profile/ProfileServiceBuilder.ts
FN:6,build
FNF:1
FNH:1
FNDA:56,build
DA:1,1
DA:2,1
DA:3,1
DA:4,1
DA:5,1
DA:6,1
DA:7,56
DA:8,56
DA:9,1
LF:9
LH:9
BRDA:6,0,0,56
BRF:1
BRH:1
end_of_record
TN:
SF:src/services/profile/ProfileServiceUtils.ts
FN:5,convertServerUserToClientUser
FNF:1
FNH:0
FNDA:0,convertServerUserToClientUser
DA:1,1
DA:2,1
DA:3,1
DA:4,1
DA:5,1
DA:6,0
DA:7,0
DA:8,0
DA:9,0
DA:10,0
DA:11,0
DA:12,0
DA:13,0
DA:14,0
DA:15,0
DA:16,0
DA:17,1
LF:17
LH:6
BRF:0
BRH:0
end_of_record
TN:
SF:src/services/registration/UserRegistrationService.ts
FN:62,UserRegistrationService
FN:91,getTranslatedDefaultData
FN:95,createUser
FN:179,confirmUserMail
FN:198,createInitialDataForNewUser
FNF:5
FNH:4
FNDA:56,UserRegistrationService
FNDA:51,getTranslatedDefaultData
FNDA:56,createUser
FNDA:0,confirmUserMail
FNDA:51,createInitialDataForNewUser
DA:1,1
DA:2,1
DA:3,1
DA:4,1
DA:5,1
DA:6,1
DA:7,1
DA:8,1
DA:9,1
DA:10,1
DA:11,1
DA:12,1
DA:13,1
DA:14,1
DA:15,1
DA:16,1
DA:17,1
DA:18,1
DA:19,1
DA:20,1
DA:21,1
DA:22,1
DA:23,1
DA:24,1
DA:25,1
DA:26,1
DA:27,1
DA:28,1
DA:29,1
DA:30,1
DA:31,1
DA:32,1
DA:33,1
DA:34,1
DA:35,1
DA:36,1
DA:37,1
DA:38,1
DA:39,1
DA:40,1
DA:41,1
DA:42,1
DA:43,1
DA:44,1
DA:45,1
DA:46,1
DA:47,1
DA:48,1
DA:49,1
DA:50,1
DA:51,1
DA:52,1
DA:53,1
DA:54,1
DA:55,1
DA:56,1
DA:57,1
DA:58,1
DA:59,1
DA:60,1
DA:61,1
DA:62,1
DA:63,56
DA:64,56
DA:65,56
DA:66,56
DA:67,56
DA:68,56
DA:69,56
DA:70,56
DA:71,56
DA:72,56
DA:73,56
DA:74,56
DA:75,56
DA:76,56
DA:77,56
DA:78,56
DA:79,56
DA:80,56
DA:81,56
DA:82,56
DA:83,56
DA:84,56
DA:85,56
DA:86,56
DA:87,56
DA:88,56
DA:89,56
DA:90,1
DA:91,1
DA:92,51
DA:93,51
DA:94,1
DA:95,1
DA:96,56
DA:97,56
DA:98,56
DA:99,56
DA:100,56
DA:101,56
DA:102,56
DA:103,56
DA:104,56
DA:105,56
DA:106,56
DA:107,1
DA:108,1
DA:109,1
DA:110,1
DA:111,1
DA:112,55
DA:113,56
DA:114,0
DA:115,0
DA:116,0
DA:117,0
DA:118,0
DA:119,0
DA:120,55
DA:121,55
DA:122,54
DA:123,54
DA:124,54
DA:125,54
DA:126,0
DA:127,0
DA:128,0
DA:129,0
DA:130,0
DA:131,0
DA:132,54
DA:133,54
DA:134,54
DA:135,54
DA:136,54
DA:137,54
DA:138,54
DA:139,53
DA:140,53
DA:141,53
DA:142,53
DA:143,53
DA:144,53
DA:145,53
DA:146,53
DA:147,52
DA:148,51
DA:149,54
DA:150,0
DA:151,0
DA:152,0
DA:153,0
DA:154,0
DA:155,0
DA:156,51
DA:157,51
DA:158,51
DA:159,51
DA:160,47
DA:161,47
DA:162,47
DA:163,51
DA:164,51
DA:165,51
DA:166,51
DA:167,0
DA:168,0
DA:169,0
DA:170,0
DA:171,0
DA:172,11
DA:173,5
DA:174,5
DA:175,5
DA:176,5
DA:177,56
DA:178,1
DA:179,1
DA:180,0
DA:181,0
DA:182,0
DA:183,0
DA:184,0
DA:185,0
DA:186,0
DA:187,0
DA:188,0
DA:189,0
DA:190,0
DA:191,0
DA:192,0
DA:193,0
DA:194,0
DA:195,0
DA:196,0
DA:197,1
DA:198,1
DA:199,51
DA:200,51
DA:201,51
DA:202,51
DA:203,51
DA:204,51
DA:205,51
DA:206,102
DA:207,102
DA:208,51
DA:209,51
DA:210,51
DA:211,51
DA:212,51
DA:213,51
DA:214,102
DA:215,102
DA:216,102
DA:217,51
DA:218,51
DA:219,51
DA:220,51
DA:221,51
DA:222,51
DA:223,612
DA:224,612
DA:225,51
DA:226,51
DA:227,51
DA:228,51
DA:229,51
DA:230,51
DA:231,0
DA:232,0
DA:233,0
DA:234,51
DA:235,1
LF:235
LH:192
BRDA:62,0,0,56
BRDA:91,1,0,51
BRDA:92,2,0,0
BRDA:95,3,0,56
BRDA:106,4,0,1
BRDA:112,5,0,55
BRDA:113,6,0,0
BRDA:120,7,0,55
BRDA:122,8,0,54
BRDA:123,9,0,0
BRDA:125,10,0,0
BRDA:138,11,0,53
BRDA:146,12,0,52
BRDA:147,13,0,51
BRDA:149,14,0,0
BRDA:149,15,0,51
BRDA:149,16,0,51
BRDA:149,17,0,0
BRDA:167,18,0,11
BRDA:167,19,0,0
BRDA:172,20,0,5
BRDA:159,21,0,47
BRDA:198,22,0,51
BRDA:200,23,0,0
BRDA:230,24,0,0
BRDA:205,25,0,102
BRDA:213,26,0,102
BRDA:222,27,0,612
BRF:28
BRH:19
end_of_record
TN:
SF:src/services/registration/UserRegistrationServiceBuilder.ts
FN:18,build
FNF:1
FNH:1
FNDA:56,build
DA:1,1
DA:2,1
DA:3,1
DA:4,1
DA:5,1
DA:6,1
DA:7,1
DA:8,1
DA:9,1
DA:10,1
DA:11,1
DA:12,1
DA:13,1
DA:14,1
DA:15,1
DA:16,1
DA:17,1
DA:18,1
DA:19,56
DA:20,56
DA:21,56
DA:22,56
DA:23,56
DA:24,56
DA:25,56
DA:26,56
DA:27,56
DA:28,56
DA:29,56
DA:30,56
DA:31,56
DA:32,56
DA:33,56
DA:34,56
DA:35,56
DA:36,56
DA:37,56
DA:38,56
DA:39,56
DA:40,1
LF:40
LH:40
BRDA:18,0,0,56
BRF:1
BRH:1
end_of_record
TN:
SF:src/services/session/SessionService.ts
FN:17,extractSessionFromRequest
FN:21,deleteSession
FN:55,buildSessionObject
FN:73,getUserIP
FN:77,regenerateSession
FN:111,setup
FN:143,handleSessionRegeneration
FN:170,handleError
FN:182,handleSuccess
FNF:9
FNH:8
FNDA:325,extractSessionFromRequest
FNDA:1,deleteSession
FNDA:51,buildSessionObject
FNDA:213,getUserIP
FNDA:51,regenerateSession
FNDA:10,setup
FNDA:51,handleSessionRegeneration
FNDA:0,handleError
FNDA:51,handleSuccess
DA:1,1
DA:2,1
DA:3,1
DA:4,1
DA:5,1
DA:6,1
DA:7,1
DA:8,1
DA:9,1
DA:10,1
DA:11,1
DA:12,1
DA:13,1
DA:14,1
DA:15,1
DA:16,1
DA:17,1
DA:18,325
DA:19,325
DA:20,1
DA:21,1
DA:22,1
DA:23,1
DA:24,1
DA:25,1
DA:26,1
DA:27,0
DA:28,0
DA:29,0
DA:30,0
DA:31,0
DA:32,0
DA:33,0
DA:34,0
DA:35,0
DA:36,0
DA:37,0
DA:38,0
DA:39,0
DA:40,0
DA:41,1
DA:42,1
DA:43,1
DA:44,1
DA:45,1
DA:46,1
DA:47,1
DA:48,1
DA:49,0
DA:50,0
DA:51,1
DA:52,1
DA:53,1
DA:54,1
DA:55,1
DA:56,51
DA:57,51
DA:58,51
DA:59,51
DA:60,51
DA:61,51
DA:62,51
DA:63,51
DA:64,51
DA:65,51
DA:66,51
DA:67,51
DA:68,51
DA:69,51
DA:70,51
DA:71,51
DA:72,1
DA:73,1
DA:74,213
DA:75,213
DA:76,1
DA:77,1
DA:78,51
DA:79,51
DA:80,51
DA:81,51
DA:82,51
DA:83,51
DA:84,51
DA:85,51
DA:86,51
DA:87,51
DA:88,51
DA:89,51
DA:90,51
DA:91,51
DA:92,51
DA:93,0
DA:94,0
DA:95,51
DA:96,51
DA:97,51
DA:98,51
DA:99,51
DA:100,51
DA:101,51
DA:102,51
DA:103,51
DA:104,0
DA:105,51
DA:106,51
DA:107,51
DA:108,51
DA:109,51
DA:110,1
DA:111,1
DA:112,10
DA:113,10
DA:114,10
DA:115,10
DA:116,10
DA:117,10
DA:118,10
DA:119,10
DA:120,10
DA:121,10
DA:122,10
DA:123,10
DA:124,0
DA:125,10
DA:126,10
DA:127,10
DA:128,10
DA:129,10
DA:130,10
DA:131,10
DA:132,10
DA:133,10
DA:134,10
DA:135,10
DA:136,10
DA:137,10
DA:138,10
DA:139,10
DA:140,10
DA:141,10
DA:142,1
DA:143,1
DA:144,51
DA:145,51
DA:146,51
DA:147,51
DA:148,51
DA:149,51
DA:150,51
DA:151,51
DA:152,51
DA:153,51
DA:154,51
DA:155,0
DA:156,0
DA:157,0
DA:158,0
DA:159,0
DA:160,0
DA:161,0
DA:162,0
DA:163,0
DA:164,51
DA:165,51
DA:166,51
DA:167,51
DA:168,51
DA:169,51
DA:170,51
DA:171,0
DA:172,0
DA:173,0
DA:174,0
DA:175,0
DA:176,0
DA:177,0
DA:178,0
DA:179,0
DA:180,0
DA:181,51
DA:182,51
DA:183,51
DA:184,51
DA:185,51
DA:186,51
DA:187,51
DA:188,51
DA:189,51
DA:190,51
DA:191,51
DA:192,1
LF:192
LH:153
BRDA:17,0,0,325
BRDA:18,1,0,0
BRDA:21,2,0,1
BRDA:25,3,0,1
BRDA:26,4,0,0
BRDA:48,5,0,0
BRDA:55,6,0,51
BRDA:73,7,0,213
BRDA:74,8,0,0
BRDA:77,9,0,51
BRDA:92,10,0,0
BRDA:102,11,0,51
BRDA:103,12,0,0
BRDA:111,13,0,10
BRDA:126,14,0,10
BRDA:143,15,0,51
BRDA:153,16,0,51
BRDA:154,17,0,0
BRDA:182,18,0,51
BRF:19
BRH:12
end_of_record
TN:
SF:src/services/transaction/TransactionDataAccess.ts
FN:15,TransactionDataAccess
FN:19,createTransaction
FN:52,getTransactions
FN:77,getTransaction
FN:106,patchTransaction
FN:135,deleteTransaction
FN:158,sanitizePatchTransactionPropeties
FN:184,getTransactionBaseQuery
FNF:8
FNH:7
FNDA:37,TransactionDataAccess
FNDA:31,createTransaction
FNDA:0,getTransactions
FNDA:4,getTransaction
FNDA:1,patchTransaction
FNDA:1,deleteTransaction
FNDA:1,sanitizePatchTransactionPropeties
FNDA:4,getTransactionBaseQuery
DA:1,1
DA:2,1
DA:3,1
DA:4,1
DA:5,1
DA:6,1
DA:7,1
DA:8,1
DA:9,1
DA:10,1
DA:11,1
DA:12,1
DA:13,1
DA:14,1
DA:15,1
DA:16,37
DA:17,37
DA:18,37
DA:19,1
DA:20,31
DA:21,31
DA:22,31
DA:23,31
DA:24,31
DA:25,31
DA:26,31
DA:27,31
DA:28,31
DA:29,31
DA:30,31
DA:31,31
DA:32,31
DA:33,31
DA:34,31
DA:35,31
DA:36,31
DA:37,31
DA:38,31
DA:39,31
DA:40,31
DA:41,31
DA:42,31
DA:43,0
DA:44,0
DA:45,0
DA:46,0
DA:47,0
DA:48,0
DA:49,0
DA:50,31
DA:51,1
DA:52,1
DA:53,0
DA:54,0
DA:55,0
DA:56,0
DA:57,0
DA:58,0
DA:59,0
DA:60,0
DA:61,0
DA:62,0
DA:63,0
DA:64,0
DA:65,0
DA:66,0
DA:67,0
DA:68,0
DA:69,0
DA:70,0
DA:71,0
DA:72,0
DA:73,0
DA:74,0
DA:75,0
DA:76,1
DA:77,1
DA:78,4
DA:79,4
DA:80,4
DA:81,4
DA:82,4
DA:83,4
DA:84,4
DA:85,4
DA:86,4
DA:87,2
DA:88,2
DA:89,2
DA:90,2
DA:91,2
DA:92,2
DA:93,2
DA:94,2
DA:95,2
DA:96,2
DA:97,2
DA:98,2
DA:99,2
DA:100,2
DA:101,2
DA:102,2
DA:103,2
DA:104,4
DA:105,1
DA:106,1
DA:107,1
DA:108,1
DA:109,1
DA:110,1
DA:111,1
DA:112,1
DA:113,1
DA:114,1
DA:115,1
DA:116,1
DA:117,0
DA:118,0
DA:119,0
DA:120,1
DA:121,1
DA:122,1
DA:123,1
DA:124,1
DA:125,0
DA:126,0
DA:127,0
DA:128,0
DA:129,0
DA:130,0
DA:131,0
DA:132,0
DA:133,1
DA:134,1
DA:135,1
DA:136,1
DA:137,1
DA:138,1
DA:139,1
DA:140,1
DA:141,1
DA:142,0
DA:143,0
DA:144,0
DA:145,0
DA:146,1
DA:147,1
DA:148,1
DA:149,0
DA:150,0
DA:151,0
DA:152,0
DA:153,0
DA:154,0
DA:155,0
DA:156,1
DA:157,1
DA:158,1
DA:159,1
DA:160,1
DA:161,1
DA:162,1
DA:163,1
DA:164,1
DA:165,1
DA:166,1
DA:167,1
DA:168,1
DA:169,1
DA:170,8
DA:171,6
DA:172,6
DA:173,8
DA:174,1
DA:175,1
DA:176,1
DA:177,1
DA:178,0
DA:179,0
DA:180,1
DA:181,1
DA:182,1
DA:183,1
DA:184,1
DA:185,4
DA:186,4
DA:187,4
DA:188,4
DA:189,4
DA:190,4
DA:191,4
DA:192,4
DA:193,4
DA:194,4
DA:195,4
DA:196,4
DA:197,4
DA:198,4
DA:199,4
DA:200,4
DA:201,4
DA:202,4
DA:203,4
DA:204,1
LF:204
LH:150
BRDA:15,0,0,37
BRDA:19,1,0,31
BRDA:23,2,0,0
BRDA:42,3,0,0
BRDA:77,4,0,4
BRDA:86,5,0,2
BRDA:101,6,0,0
BRDA:101,7,0,0
BRDA:106,8,0,1
BRDA:116,9,0,0
BRDA:124,10,0,0
BRDA:135,11,0,1
BRDA:141,12,0,0
BRDA:148,13,0,0
BRDA:158,14,0,1
BRDA:177,15,0,0
BRDA:169,16,0,8
BRDA:170,17,0,7
BRDA:170,18,0,6
BRDA:184,19,0,4
BRF:20
BRH:11
end_of_record
TN:
SF:src/services/transaction/TransactionService.ts
FN:23,TransactionService
FN:30,createTransaction
FN:47,deleteTransaction
FN:50,patchTransaction
FN:53,getTransaction
FN:56,getTransactions
FN:59,createIncomeTransaction
FN:76,createExpenseTransaction
FN:92,createTransfareTransaction
FN:121,processTransaction
FN:174,validateAccount
FN:175,error
FN:193,validateTrx
FNF:13
FNH:11
FNDA:37,TransactionService
FNDA:31,createTransaction
FNDA:1,deleteTransaction
FNDA:1,patchTransaction
FNDA:4,getTransaction
FNDA:0,getTransactions
FNDA:10,createIncomeTransaction
FNDA:10,createExpenseTransaction
FNDA:11,createTransfareTransaction
FNDA:31,processTransaction
FNDA:42,validateAccount
FNDA:0,error
FNDA:31,validateTrx
DA:1,1
DA:2,1
DA:3,1
DA:4,1
DA:5,1
DA:6,1
DA:7,1
DA:8,1
DA:9,1
DA:10,1
DA:11,1
DA:12,1
DA:13,1
DA:14,1
DA:15,1
DA:16,1
DA:17,1
DA:18,1
DA:19,1
DA:20,1
DA:21,1
DA:22,1
DA:23,1
DA:24,37
DA:25,37
DA:26,37
DA:27,37
DA:28,37
DA:29,1
DA:30,1
DA:31,31
DA:32,31
DA:33,10
DA:34,10
DA:35,31
DA:36,10
DA:37,10
DA:38,31
DA:39,11
DA:40,11
DA:41,31
DA:42,0
DA:43,0
DA:44,31
DA:45,31
DA:46,1
DA:47,1
DA:48,1
DA:49,1
DA:50,1
DA:51,1
DA:52,1
DA:53,1
DA:54,4
DA:55,4
DA:56,1
DA:57,0
DA:58,0
DA:59,1
DA:60,10
DA:61,10
DA:62,10
DA:63,10
DA:64,10
DA:65,10
DA:66,10
DA:67,10
DA:68,10
DA:69,10
DA:70,10
DA:71,10
DA:72,10
DA:73,10
DA:74,10
DA:75,1
DA:76,1
DA:77,10
DA:78,10
DA:79,10
DA:80,10
DA:81,10
DA:82,10
DA:83,10
DA:84,10
DA:85,10
DA:86,10
DA:87,10
DA:88,10
DA:89,10
DA:90,10
DA:91,1
DA:92,1
DA:93,11
DA:94,11
DA:95,11
DA:96,11
DA:97,0
DA:98,0
DA:99,0
DA:100,0
DA:101,0
DA:102,11
DA:103,11
DA:104,11
DA:105,11
DA:106,11
DA:107,11
DA:108,11
DA:109,11
DA:110,11
DA:111,11
DA:112,11
DA:113,11
DA:114,11
DA:115,11
DA:116,11
DA:117,11
DA:118,11
DA:119,11
DA:120,1
DA:121,1
DA:122,31
DA:123,31
DA:124,31
DA:125,31
DA:126,31
DA:127,31
DA:128,31
DA:129,31
DA:130,31
DA:131,31
DA:132,31
DA:133,31
DA:134,31
DA:135,31
DA:136,31
DA:137,31
DA:138,31
DA:139,31
DA:140,31
DA:141,31
DA:142,31
DA:143,31
DA:144,31
DA:145,31
DA:146,31
DA:147,31
DA:148,31
DA:149,31
DA:150,31
DA:151,31
DA:152,31
DA:153,31
DA:154,31
DA:155,31
DA:156,31
DA:157,31
DA:158,31
DA:159,31
DA:160,31
DA:161,31
DA:162,31
DA:163,31
DA:164,31
DA:165,0
DA:166,0
DA:167,0
DA:168,0
DA:169,0
DA:170,0
DA:171,0
DA:172,31
DA:173,1
DA:174,1
DA:175,42
DA:176,0
DA:177,0
DA:178,0
DA:179,0
DA:180,42
DA:181,42
DA:182,0
DA:183,0
DA:184,42
DA:185,42
DA:186,0
DA:187,0
DA:188,42
DA:189,0
DA:190,0
DA:191,42
DA:192,1
DA:193,1
DA:194,31
DA:195,0
DA:196,0
DA:197,0
DA:198,0
DA:199,0
DA:200,0
DA:201,31
DA:202,1
LF:202
LH:170
BRDA:23,0,0,37
BRDA:30,1,0,31
BRDA:32,2,0,10
BRDA:35,3,0,10
BRDA:38,4,0,11
BRDA:41,5,0,0
BRDA:47,6,0,1
BRDA:50,7,0,1
BRDA:53,8,0,4
BRDA:59,9,0,10
BRDA:62,10,0,10
BRDA:76,11,0,10
BRDA:79,12,0,10
BRDA:92,13,0,11
BRDA:95,14,0,11
BRDA:96,15,0,0
BRDA:121,16,0,31
BRDA:164,17,0,0
BRDA:174,18,0,42
BRDA:181,19,0,0
BRDA:181,20,0,0
BRDA:181,21,0,0
BRDA:185,22,0,0
BRDA:188,23,0,0
BRDA:193,24,0,31
BRDA:194,25,0,0
BRF:26
BRH:17
end_of_record
TN:
SF:src/services/transaction/TransactionServiceBuilder.ts
FN:7,build
FNF:1
FNH:1
FNDA:37,build
DA:1,1
DA:2,1
DA:3,1
DA:4,1
DA:5,1
DA:6,1
DA:7,1
DA:8,37
DA:9,37
DA:10,37
DA:11,1
LF:11
LH:11
BRDA:7,0,0,37
BRF:1
BRH:1
end_of_record
TN:
SF:src/services/translations/TranslationLoaderImpl.ts
FN:7,instance
FN:11,load
FNF:2
FNH:2
FNDA:54,instance
FNDA:24,load
DA:1,1
DA:2,1
DA:3,1
DA:4,1
DA:5,1
DA:6,1
DA:7,1
DA:8,54
DA:9,54
DA:10,1
DA:11,1
DA:12,24
DA:13,24
DA:14,24
DA:15,24
DA:16,24
DA:17,24
DA:18,24
DA:19,24
DA:20,24
DA:21,1
LF:21
LH:21
BRDA:7,0,0,54
BRDA:8,1,0,9
BRDA:11,2,0,24
BRDA:15,3,0,24
BRDA:17,4,0,24
BRDA:18,5,0,24
BRDA:18,6,0,24
BRF:7
BRH:7
end_of_record
TN:
SF:src/services/translations/Translations.ts
FN:19,load
FN:59,loadLanguage
FN:93,text
FN:97,Text
FN:104,textOrNull
FN:111,hasKey
FN:115,translationUnit
FN:122,replaceParameters
FNF:8
FNH:6
FNDA:54,load
FNDA:12,loadLanguage
FNDA:408,text
FNDA:408,Text
FNDA:408,textOrNull
FNDA:0,hasKey
FNDA:0,translationUnit
FNDA:408,replaceParameters
DA:1,1
DA:2,1
DA:3,1
DA:4,1
DA:5,1
DA:6,1
DA:7,1
DA:8,1
DA:9,1
DA:10,1
DA:11,1
DA:12,1
DA:13,1
DA:14,1
DA:15,1
DA:16,1
DA:17,1
DA:18,1
DA:19,1
DA:20,54
DA:21,54
DA:22,54
DA:23,54
DA:24,42
DA:25,42
DA:26,42
DA:27,42
DA:28,42
DA:29,12
DA:30,12
DA:31,12
DA:32,12
DA:33,12
DA:34,12
DA:35,54
DA:36,0
DA:37,0
DA:38,12
DA:39,12
DA:40,54
DA:41,0
DA:42,0
DA:43,0
DA:44,0
DA:45,0
DA:46,0
DA:47,0
DA:48,0
DA:49,0
DA:50,0
DA:51,0
DA:52,12
DA:53,12
DA:54,12
DA:55,12
DA:56,12
DA:57,12
DA:58,1
DA:59,1
DA:60,12
DA:61,12
DA:62,12
DA:63,12
DA:64,12
DA:65,12
DA:66,12
DA:67,12
DA:68,12
DA:69,12
DA:70,12
DA:71,0
DA:72,0
DA:73,12
DA:74,12
DA:75,12
DA:76,12
DA:77,12
DA:78,12
DA:79,12
DA:80,12
DA:81,72
DA:82,12
DA:83,12
DA:84,12
DA:85,12
DA:86,72
DA:87,12
DA:88,12
DA:89,12
DA:90,12
DA:91,12
DA:92,1
DA:93,1
DA:94,408
DA:95,408
DA:96,1
DA:97,1
DA:98,408
DA:99,0
DA:100,0
DA:101,408
DA:102,408
DA:103,1
DA:104,1
DA:105,408
DA:106,408
DA:107,0
DA:108,408
DA:109,408
DA:110,1
DA:111,1
DA:112,0
DA:113,0
DA:114,1
DA:115,1
DA:116,0
DA:117,0
DA:118,0
DA:119,0
DA:120,0
DA:121,1
DA:122,1
DA:123,408
DA:124,408
DA:125,0
DA:126,0
DA:127,0
DA:128,0
DA:129,408
DA:130,408
DA:131,1
LF:131
LH:102
BRDA:19,0,0,54
BRDA:23,1,0,42
BRDA:29,2,0,12
BRDA:35,3,0,0
BRDA:38,4,0,12
BRDA:40,5,0,0
BRDA:52,6,0,12
BRDA:59,7,0,12
BRDA:70,8,0,0
BRDA:80,9,0,72
BRDA:85,10,0,72
BRDA:93,11,0,408
BRDA:97,12,0,408
BRDA:98,13,0,0
BRDA:101,14,0,0
BRDA:104,15,0,408
BRDA:106,16,0,0
BRDA:122,17,0,408
BRDA:124,18,0,0
BRF:19
BRH:12
end_of_record
TN:
SF:src/services/translations/TranslationsUtils.ts
FN:4,convertToSupportLocale
FNF:1
FNH:1
FNDA:56,convertToSupportLocale
DA:1,1
DA:2,1
DA:3,1
DA:4,1
DA:5,56
DA:6,56
DA:7,1
DA:8,56
DA:9,0
DA:10,56
DA:11,0
DA:12,56
DA:13,0
DA:14,56
DA:15,1
DA:16,56
DA:17,0
DA:18,56
DA:19,0
DA:20,56
DA:21,0
DA:22,56
DA:23,0
DA:24,56
DA:25,0
DA:26,56
DA:27,0
DA:28,56
DA:29,0
DA:30,56
DA:31,0
DA:32,56
DA:33,53
DA:34,56
DA:35,0
DA:36,56
DA:37,0
DA:38,56
DA:39,0
DA:40,56
DA:41,0
DA:42,56
DA:43,0
DA:44,56
DA:45,0
DA:46,56
DA:47,0
DA:48,56
DA:49,0
DA:50,56
DA:51,0
DA:52,56
DA:53,0
DA:54,56
DA:55,0
DA:56,56
DA:57,0
DA:58,56
DA:59,1
DA:60,56
DA:61,56
DA:62,1
LF:62
LH:39
BRDA:4,0,0,56
BRDA:6,1,0,1
BRDA:8,2,0,0
BRDA:10,3,0,0
BRDA:12,4,0,0
BRDA:14,5,0,1
BRDA:16,6,0,0
BRDA:18,7,0,0
BRDA:20,8,0,0
BRDA:22,9,0,0
BRDA:24,10,0,0
BRDA:26,11,0,0
BRDA:28,12,0,0
BRDA:30,13,0,0
BRDA:32,14,0,53
BRDA:34,15,0,0
BRDA:36,16,0,0
BRDA:38,17,0,0
BRDA:40,18,0,0
BRDA:42,19,0,0
BRDA:44,20,0,0
BRDA:46,21,0,0
BRDA:48,22,0,0
BRDA:50,23,0,0
BRDA:52,24,0,0
BRDA:54,25,0,0
BRDA:56,26,0,0
BRDA:58,27,0,1
BRF:28
BRH:5
end_of_record
TN:
SF:src/services/user/UserDataAccess.ts
FN:14,UserDataService
FN:18,fetchUserDetails
FN:51,getUserAuthenticationData
FN:71,getUser
FN:80,createUser
FN:101,getUserEmail
FN:115,updateUserEmail
FNF:7
FNH:5
FNDA:112,UserDataService
FNDA:51,fetchUserDetails
FNDA:56,getUserAuthenticationData
FNDA:51,getUser
FNDA:54,createUser
FNDA:0,getUserEmail
FNDA:0,updateUserEmail
DA:1,1
DA:2,1
DA:3,1
DA:4,1
DA:5,1
DA:6,1
DA:7,1
DA:8,1
DA:9,1
DA:10,1
DA:11,1
DA:12,1
DA:13,1
DA:14,1
DA:15,112
DA:16,112
DA:17,112
DA:18,1
DA:19,51
DA:20,51
DA:21,51
DA:22,51
DA:23,51
DA:24,51
DA:25,51
DA:26,51
DA:27,51
DA:28,51
DA:29,51
DA:30,51
DA:31,51
DA:32,51
DA:33,51
DA:34,51
DA:35,51
DA:36,51
DA:37,51
DA:38,51
DA:39,51
DA:40,51
DA:41,51
DA:42,51
DA:43,51
DA:44,0
DA:45,0
DA:46,0
DA:47,0
DA:48,0
DA:49,51
DA:50,1
DA:51,1
DA:52,56
DA:53,56
DA:54,56
DA:55,56
DA:56,56
DA:57,56
DA:58,56
DA:59,56
DA:60,56
DA:61,56
DA:62,0
DA:63,0
DA:64,0
DA:65,0
DA:66,0
DA:67,0
DA:68,0
DA:69,56
DA:70,1
DA:71,1
DA:72,51
DA:73,51
DA:74,51
DA:75,0
DA:76,0
DA:77,0
DA:78,51
DA:79,1
DA:80,1
DA:81,54
DA:82,54
DA:83,54
DA:84,54
DA:85,54
DA:86,54
DA:87,54
DA:88,54
DA:89,54
DA:90,54
DA:91,54
DA:92,54
DA:93,54
DA:94,54
DA:95,54
DA:96,0
DA:97,0
DA:98,0
DA:99,54
DA:100,1
DA:101,1
DA:102,0
DA:103,0
DA:104,0
DA:105,0
DA:106,0
DA:107,0
DA:108,0
DA:109,0
DA:110,0
DA:111,0
DA:112,0
DA:113,0
DA:114,1
DA:115,1
DA:116,0
DA:117,0
DA:118,0
DA:119,0
DA:120,0
DA:121,0
DA:122,0
DA:123,0
DA:124,0
DA:125,0
DA:126,0
DA:127,0
DA:128,0
DA:129,1
LF:129
LH:86
BRDA:14,0,0,112
BRDA:18,1,0,51
BRDA:43,2,0,0
BRDA:51,3,0,56
BRDA:60,4,0,55
BRDA:61,5,0,0
BRDA:71,6,0,51
BRDA:74,7,0,0
BRDA:80,8,0,54
BRDA:83,9,0,0
BRDA:95,10,0,0
BRF:11
BRH:6
end_of_record
TN:
SF:src/services/user/UserService.ts
FN:13,UserService
FN:18,getUserAuthenticationData
FN:22,getUser
FN:26,createUser
FN:35,updateUserEmail
FNF:5
FNH:4
FNDA:112,UserService
FNDA:56,getUserAuthenticationData
FNDA:51,getUser
FNDA:55,createUser
FNDA:0,updateUserEmail
DA:1,1
DA:2,1
DA:3,1
DA:4,1
DA:5,1
DA:6,1
DA:7,1
DA:8,1
DA:9,1
DA:10,1
DA:11,1
DA:12,1
DA:13,1
DA:14,112
DA:15,112
DA:16,112
DA:17,1
DA:18,1
DA:19,56
DA:20,56
DA:21,1
DA:22,1
DA:23,51
DA:24,51
DA:25,1
DA:26,1
DA:27,55
DA:28,55
DA:29,54
DA:30,54
DA:31,54
DA:32,54
DA:33,54
DA:34,1
DA:35,1
DA:36,0
DA:37,0
DA:38,0
DA:39,0
DA:40,0
DA:41,0
DA:42,1
LF:42
LH:36
BRDA:13,0,0,112
BRDA:18,1,0,56
BRDA:22,2,0,51
BRDA:26,3,0,55
BRDA:29,4,0,54
BRF:5
BRH:5
end_of_record
TN:
SF:src/services/user/UserServiceBuilder.ts
FN:6,build
FNF:1
FNH:1
FNDA:112,build
DA:1,1
DA:2,1
DA:3,1
DA:4,1
DA:5,1
DA:6,1
DA:7,112
DA:8,112
DA:9,1
LF:9
LH:9
BRDA:6,0,0,112
BRF:1
BRH:1
end_of_record
TN:
SF:src/services/user/UserServiceUtils.ts
FN:15,getRandomSalt
FN:19,verifyPassword
FN:31,hashPassword
FN:41,convertServerUserToClientUser
FN:52,formatUserDetails
FNF:5
FNH:4
FNDA:55,getRandomSalt
FNDA:0,verifyPassword
FNDA:55,hashPassword
FNDA:51,convertServerUserToClientUser
FNDA:51,formatUserDetails
DA:1,1
DA:2,1
DA:3,1
DA:4,1
DA:5,1
DA:6,1
DA:7,1
DA:8,1
DA:9,1
DA:10,1
DA:11,1
DA:12,1
DA:13,1
DA:14,1
DA:15,1
DA:16,55
DA:17,55
DA:18,1
DA:19,1
DA:20,0
DA:21,0
DA:22,0
DA:23,0
DA:24,0
DA:25,0
DA:26,0
DA:27,0
DA:28,0
DA:29,0
DA:30,0
DA:31,1
DA:32,55
DA:33,55
DA:34,55
DA:35,55
DA:36,55
DA:37,55
DA:38,54
DA:39,54
DA:40,1
DA:41,1
DA:42,51
DA:43,51
DA:44,51
DA:45,51
DA:46,51
DA:47,51
DA:48,51
DA:49,51
DA:50,51
DA:51,1
DA:52,1
DA:53,51
DA:54,51
DA:55,51
DA:56,51
DA:57,51
DA:58,51
DA:59,51
DA:60,51
DA:61,51
DA:62,51
DA:63,51
DA:64,51
DA:65,51
DA:66,51
DA:67,51
DA:68,51
DA:69,51
DA:70,51
DA:71,1
LF:71
LH:60
BRDA:15,0,0,55
BRDA:31,1,0,55
BRDA:38,2,0,54
BRDA:41,3,0,51
BRDA:52,4,0,51
BRDA:60,5,0,0
BRDA:61,6,0,0
BRDA:62,7,0,0
BRDA:65,8,0,0
BRF:9
BRH:5
end_of_record
TN:
SF:src/services/userAgentService/UserAgentService.ts
FN:7,getUserAgent
FN:29,compareUserAgent
FNF:2
FNH:2
FNDA:213,getUserAgent
FNDA:162,compareUserAgent
DA:1,1
DA:2,1
DA:3,1
DA:4,1
DA:5,1
DA:6,1
DA:7,1
DA:8,213
DA:9,213
DA:10,213
DA:11,213
DA:12,213
DA:13,213
DA:14,213
DA:15,213
DA:16,213
DA:17,213
DA:18,213
DA:19,213
DA:20,213
DA:21,213
DA:22,213
DA:23,213
DA:24,213
DA:25,213
DA:26,213
DA:27,213
DA:28,213
DA:29,1
DA:30,162
DA:31,162
DA:32,0
DA:33,0
DA:34,162
DA:35,0
DA:36,0
DA:37,162
DA:38,162
DA:39,162
DA:40,162
DA:41,162
DA:42,162
DA:43,162
DA:44,162
DA:45,162
DA:46,162
DA:47,162
DA:48,162
DA:49,0
DA:50,0
DA:51,0
DA:52,162
DA:53,1
LF:53
LH:46
BRDA:7,0,0,213
BRDA:12,1,0,0
BRDA:14,2,0,0
BRDA:15,3,0,0
BRDA:18,4,0,0
BRDA:21,5,0,0
BRDA:24,6,0,0
BRDA:25,7,0,0
BRDA:29,8,0,162
BRDA:31,9,0,0
BRDA:31,10,0,0
BRDA:34,11,0,0
BRDA:48,12,0,0
BRF:13
BRH:2
end_of_record
TN:
SF:src/services/userRole/UserRoleDataAccess.ts
FN:10,UserRoleDataAccess
FN:15,getUserRole
FN:34,updateUserRole
FN:56,createUserRole
FNF:4
FNH:2
FNDA:56,UserRoleDataAccess
FNDA:0,getUserRole
FNDA:0,updateUserRole
FNDA:53,createUserRole
DA:1,1
DA:2,1
DA:3,1
DA:4,1
DA:5,1
DA:6,1
DA:7,1
DA:8,1
DA:9,1
DA:10,1
DA:11,56
DA:12,56
DA:13,56
DA:14,1
DA:15,1
DA:16,0
DA:17,0
DA:18,0
DA:19,0
DA:20,0
DA:21,0
DA:22,0
DA:23,0
DA:24,0
DA:25,0
DA:26,0
DA:27,0
DA:28,0
DA:29,0
DA:30,0
DA:31,0
DA:32,0
DA:33,1
DA:34,1
DA:35,0
DA:36,0
DA:37,0
DA:38,0
DA:39,0
DA:40,0
DA:41,0
DA:42,0
DA:43,0
DA:44,0
DA:45,0
DA:46,0
DA:47,0
DA:48,0
DA:49,0
DA:50,0
DA:51,0
DA:52,0
DA:53,0
DA:54,0
DA:55,1
DA:56,1
DA:57,53
DA:58,53
DA:59,53
DA:60,53
DA:61,53
DA:62,53
DA:63,0
DA:64,0
DA:65,53
DA:66,53
DA:67,53
DA:68,53
DA:69,0
DA:70,0
DA:71,0
DA:72,0
DA:73,0
DA:74,53
DA:75,1
LF:75
LH:31
BRDA:10,0,0,56
BRDA:56,1,0,53
BRDA:59,2,0,0
BRDA:62,3,0,0
BRDA:68,4,0,0
BRF:5
BRH:2
end_of_record
TN:
SF:src/services/userRole/UserRoleService.ts
FN:9,UserRoleService
FN:13,getUserRole
FN:17,updateUserRole
FN:21,createUserRole
FNF:4
FNH:2
FNDA:55,UserRoleService
FNDA:0,getUserRole
FNDA:0,updateUserRole
FNDA:53,createUserRole
DA:1,1
DA:2,1
DA:3,1
DA:4,1
DA:5,1
DA:6,1
DA:7,1
DA:8,1
DA:9,1
DA:10,55
DA:11,55
DA:12,1
DA:13,1
DA:14,0
DA:15,0
DA:16,1
DA:17,1
DA:18,0
DA:19,0
DA:20,1
DA:21,1
DA:22,53
DA:23,53
DA:24,1
LF:24
LH:20
BRDA:9,0,0,55
BRDA:21,1,0,53
BRF:2
BRH:2
end_of_record
TN:
SF:src/services/userRole/UserRoleServiceBuilder.ts
FN:6,build
FNF:1
FNH:1
FNDA:56,build
DA:1,1
DA:2,1
DA:3,1
DA:4,1
DA:5,1
DA:6,1
DA:7,56
DA:8,56
DA:9,1
LF:9
LH:9
BRDA:6,0,0,56
BRF:1
BRH:1
end_of_record
TN:
SF:src/swagger/swagger.ts
FN:10,swaggerInit
FNF:1
FNH:1
FNDA:10,swaggerInit
DA:1,1
DA:2,1
DA:3,1
DA:4,1
DA:5,1
DA:6,1
DA:7,1
DA:8,1
DA:9,1
DA:10,1
DA:11,10
DA:12,10
DA:13,10
DA:14,10
DA:15,10
DA:16,10
DA:17,10
LF:17
LH:17
BRDA:10,0,0,10
BRF:1
BRH:1
end_of_record
TN:
SF:src/types/ErrorCode.ts
FNF:0
FNH:0
DA:1,12
DA:2,12
DA:3,12
DA:4,12
DA:5,12
DA:6,12
DA:7,12
DA:8,12
DA:9,12
DA:10,12
DA:11,12
DA:12,12
DA:13,12
DA:14,12
DA:15,12
DA:16,12
DA:17,12
DA:18,12
DA:19,12
DA:20,12
DA:21,12
DA:22,12
DA:23,12
DA:24,12
DA:25,12
DA:26,12
DA:27,12
DA:28,12
DA:29,12
DA:30,12
DA:31,12
DA:32,12
DA:33,12
DA:34,12
DA:35,12
DA:36,12
DA:37,12
DA:38,12
DA:39,12
LF:39
LH:39
BRDA:1,0,0,12
BRF:1
BRH:1
end_of_record
TN:
SF:src/types/HttpCode.ts
FNF:0
FNH:0
DA:1,10
DA:2,10
DA:3,10
DA:4,10
DA:5,10
DA:6,10
DA:7,10
DA:8,10
DA:9,10
DA:10,10
DA:11,10
DA:12,10
DA:13,10
DA:14,10
DA:15,10
DA:16,10
DA:17,10
DA:18,10
DA:19,10
DA:20,10
DA:21,10
DA:22,10
DA:23,10
DA:24,10
DA:25,10
DA:26,10
DA:27,10
DA:28,10
DA:29,10
DA:30,10
DA:31,10
DA:32,10
DA:33,10
DA:34,10
DA:35,10
DA:36,10
DA:37,10
DA:38,10
DA:39,10
DA:40,10
DA:41,10
DA:42,10
DA:43,10
DA:44,10
DA:45,10
DA:46,10
DA:47,10
DA:48,10
DA:49,10
DA:50,10
DA:51,10
DA:52,10
LF:52
LH:52
BRDA:1,0,0,10
BRF:1
BRH:1
end_of_record
TN:
SF:src/types/LanguageType.ts
FNF:0
FNH:0
DA:1,10
DA:2,10
DA:3,10
DA:4,10
DA:5,10
DA:6,10
DA:7,10
DA:8,10
DA:9,10
DA:10,10
DA:11,10
DA:12,10
DA:13,10
DA:14,10
DA:15,10
DA:16,10
DA:17,10
DA:18,10
DA:19,10
DA:20,10
DA:21,10
DA:22,10
DA:23,10
DA:24,10
DA:25,10
DA:26,10
DA:27,10
DA:28,10
DA:29,10
DA:30,10
LF:30
LH:30
BRDA:1,0,0,10
BRF:1
BRH:1
end_of_record
TN:
SF:src/types/ResponseStatusType.ts
FNF:0
FNH:0
DA:1,12
DA:2,12
DA:3,12
DA:4,12
DA:5,12
LF:5
LH:5
BRDA:1,0,0,12
BRF:1
BRH:1
end_of_record
TN:
SF:src/types/RoleType.ts
FNF:0
FNH:0
DA:1,10
DA:2,10
DA:3,10
LF:3
LH:3
BRDA:1,0,0,10
BRF:1
BRH:1
end_of_record
TN:
SF:src/types/TransactionType.ts
FNF:0
FNH:0
DA:1,10
DA:2,10
DA:3,10
DA:4,10
DA:5,10
LF:5
LH:5
BRDA:1,0,0,10
BRF:1
BRH:1
end_of_record
TN:
SF:src/types/TranslationKey.ts
FNF:0
FNH:0
DA:1,9
DA:2,9
DA:3,9
DA:4,9
DA:5,9
DA:6,9
DA:7,9
LF:7
LH:7
BRDA:1,0,0,9
BRF:1
BRH:1
end_of_record
TN:
SF:src/utils/TimeManagerUTC.ts
FN:4,TimeManagerUTC
FN:8,getCurrentTime
FN:12,addTime
FN:18,subtractTime
FN:24,formatTime
FN:32,isFirstDateLessThanSecond
FNF:6
FNH:3
FNDA:102,TimeManagerUTC
FNDA:51,getCurrentTime
FNDA:51,addTime
FNDA:0,subtractTime
FNDA:0,formatTime
FNDA:0,isFirstDateLessThanSecond
DA:1,1
DA:2,1
DA:3,1
DA:4,1
DA:5,102
DA:6,102
DA:7,1
DA:8,1
DA:9,51
DA:10,51
DA:11,1
DA:12,1
DA:13,51
DA:14,51
DA:15,51
DA:16,51
DA:17,1
DA:18,1
DA:19,0
DA:20,0
DA:21,0
DA:22,0
DA:23,1
DA:24,1
DA:25,0
DA:26,0
DA:27,0
DA:28,0
DA:29,0
DA:30,0
DA:31,1
DA:32,1
DA:33,0
DA:34,0
DA:35,1
LF:35
LH:23
BRDA:4,0,0,102
BRDA:8,1,0,51
BRDA:12,2,0,51
BRF:3
BRH:3
end_of_record
TN:
SF:src/utils/Utils.ts
FN:2,roundNumber
FN:5,isNumber
FN:9,parseNumber
FN:20,escapeRegExp
FN:27,parseBoolean
FN:36,parse
FN:48,nullToEmpty
FN:52,isNotEmpty
FN:56,isNotNull
FN:60,isNull
FN:64,isArrayNotEmpty
FN:68,isArrayEmpty
FN:72,isObjectEmpty
FN:76,greaterThen0
FN:80,not0
FN:84,lessThen0
FN:88,compareUndefined
FN:98,compareArrayLength
FN:108,compareObject
FN:122,compareArrays
FN:136,has
FN:147,isEmpty
FN:151,checkNotNull
FN:158,pad
FN:162,replaceAll
FN:169,to
FNF:26
FNH:26
FNDA:250,roundNumber
FNDA:3,isNumber
FNDA:6,parseNumber
FNDA:5,escapeRegExp
FNDA:5,parseBoolean
FNDA:3,parse
FNDA:2,nullToEmpty
FNDA:17,isNotEmpty
FNDA:354,isNotNull
FNDA:1899,isNull
FNDA:3186,isArrayNotEmpty
FNDA:3,isArrayEmpty
FNDA:412,isObjectEmpty
FNDA:3,greaterThen0
FNDA:2,not0
FNDA:3,lessThen0
FNDA:13,compareUndefined
FNDA:7,compareArrayLength
FNDA:3,compareObject
FNDA:4,compareArrays
FNDA:3,has
FNDA:3,isEmpty
FNDA:7,checkNotNull
FNDA:13867,pad
FNDA:3,replaceAll
FNDA:38,to
DA:1,1
DA:2,1
DA:3,250
DA:4,250
DA:5,1
DA:6,3
DA:7,3
DA:8,1
DA:9,1
DA:10,6
DA:11,5
DA:12,5
DA:13,3
DA:14,3
DA:15,2
DA:16,2
DA:17,1
DA:18,1
DA:19,1
DA:20,1
DA:21,5
DA:22,4
DA:23,4
DA:24,1
DA:25,1
DA:26,1
DA:27,1
DA:28,5
DA:29,1
DA:30,5
DA:31,2
DA:32,2
DA:33,2
DA:34,2
DA:35,1
DA:36,1
DA:37,3
DA:38,3
DA:39,1
DA:40,1
DA:41,2
DA:42,3
DA:43,1
DA:44,1
DA:45,1
DA:46,1
DA:47,1
DA:48,1
DA:49,2
DA:50,2
DA:51,1
DA:52,1
DA:53,17
DA:54,17
DA:55,1
DA:56,1
DA:57,354
DA:58,354
DA:59,1
DA:60,1
DA:61,1899
DA:62,1899
DA:63,1
DA:64,1
DA:65,3186
DA:66,3186
DA:67,1
DA:68,1
DA:69,3
DA:70,3
DA:71,1
DA:72,1
DA:73,412
DA:74,412
DA:75,1
DA:76,1
DA:77,3
DA:78,3
DA:79,1
DA:80,1
DA:81,2
DA:82,2
DA:83,1
DA:84,1
DA:85,3
DA:86,3
DA:87,1
DA:88,1
DA:89,13
DA:90,2
DA:91,2
DA:92,13
DA:93,2
DA:94,2
DA:95,9
DA:96,9
DA:97,1
DA:98,1
DA:99,7
DA:100,7
DA:101,7
DA:102,7
DA:103,4
DA:104,4
DA:105,0
DA:106,0
DA:107,1
DA:108,1
DA:109,3
DA:110,4
DA:111,2
DA:112,2
DA:113,4
DA:114,3
DA:115,2
DA:116,0
DA:117,0
DA:118,2
DA:119,1
DA:120,1
DA:121,1
DA:122,1
DA:123,4
DA:124,4
DA:125,4
DA:126,3
DA:127,9
DA:128,9
DA:129,2
DA:130,2
DA:131,9
DA:132,3
DA:133,4
DA:134,4
DA:135,1
DA:136,1
DA:137,3
DA:138,2
DA:139,5
DA:140,1
DA:141,1
DA:142,5
DA:143,1
DA:144,2
DA:145,2
DA:146,1
DA:147,1
DA:148,3
DA:149,3
DA:150,1
DA:151,1
DA:152,7
DA:153,2
DA:154,2
DA:155,5
DA:156,5
DA:157,1
DA:158,1
DA:159,13867
DA:160,13867
DA:161,1
DA:162,1
DA:163,3
DA:164,2
DA:165,2
DA:166,1
DA:167,1
DA:168,1
DA:169,1
DA:170,38
DA:171,38
DA:172,38
DA:173,1
DA:174,1
DA:175,1
DA:176,1
DA:177,38
DA:178,38
DA:179,1
LF:179
LH:175
BRDA:2,0,0,250
BRDA:5,1,0,3
BRDA:9,2,0,6
BRDA:10,3,0,5
BRDA:12,4,0,3
BRDA:15,5,0,2
BRDA:17,6,0,1
BRDA:20,7,0,5
BRDA:21,8,0,4
BRDA:24,9,0,1
BRDA:27,10,0,5
BRDA:28,11,0,1
BRDA:30,12,0,4
BRDA:30,13,0,2
BRDA:33,14,0,2
BRDA:36,15,0,3
BRDA:38,16,0,1
BRDA:41,17,0,2
BRDA:42,18,0,1
BRDA:48,19,0,2
BRDA:49,20,0,1
BRDA:49,21,0,1
BRDA:52,22,0,17
BRDA:53,23,0,16
BRDA:53,24,0,15
BRDA:53,25,0,11
BRDA:56,26,0,354
BRDA:57,27,0,346
BRDA:57,28,0,345
BRDA:60,29,0,1899
BRDA:61,30,0,1667
BRDA:61,31,0,1662
BRDA:64,32,0,3186
BRDA:65,33,0,3185
BRDA:65,34,0,3185
BRDA:68,35,0,3
BRDA:69,36,0,2
BRDA:72,37,0,412
BRDA:73,38,0,1
BRDA:76,39,0,3
BRDA:80,40,0,2
BRDA:84,41,0,3
BRDA:88,42,0,13
BRDA:89,43,0,10
BRDA:89,44,0,2
BRDA:92,45,0,11
BRDA:92,46,0,3
BRDA:92,47,0,2
BRDA:95,48,0,9
BRDA:98,49,0,7
BRDA:101,50,0,1
BRDA:102,51,0,6
BRDA:102,52,0,2
BRDA:103,53,0,4
BRDA:105,54,0,0
BRDA:108,55,0,3
BRDA:109,56,0,4
BRDA:110,57,0,3
BRDA:110,58,0,2
BRDA:114,59,0,1
BRDA:114,60,0,2
BRDA:115,61,0,0
BRDA:119,62,0,1
BRDA:122,63,0,4
BRDA:125,64,0,3
BRDA:125,65,0,3
BRDA:125,66,0,3
BRDA:126,67,0,9
BRDA:128,68,0,2
BRDA:136,69,0,3
BRDA:137,70,0,2
BRDA:137,71,0,2
BRDA:138,72,0,5
BRDA:139,73,0,1
BRDA:143,74,0,1
BRDA:147,75,0,3
BRDA:148,76,0,2
BRDA:148,77,0,2
BRDA:151,78,0,7
BRDA:152,79,0,2
BRDA:155,80,0,5
BRDA:158,81,0,13867
BRDA:162,82,0,3
BRDA:163,83,0,2
BRDA:166,84,0,1
BRDA:169,85,0,38
BRDA:171,86,0,37
BRDA:172,87,0,1
BRF:88
BRH:86
end_of_record
TN:
SF:src/utils/generateErrorResponse.ts
FN:8,generateErrorResponse
FNF:1
FNH:1
FNDA:7,generateErrorResponse
DA:1,1
DA:2,1
DA:3,1
DA:4,1
DA:5,1
DA:6,1
DA:7,1
DA:8,7
DA:9,7
DA:10,7
DA:11,7
DA:12,7
DA:13,7
DA:14,7
DA:15,7
DA:16,7
DA:17,7
DA:18,7
LF:18
LH:18
BRDA:8,0,0,7
BRDA:15,1,0,4
BRDA:15,2,0,0
BRDA:15,3,0,0
BRDA:15,4,0,3
BRDA:16,5,0,4
BRDA:16,6,0,0
BRDA:16,7,0,3
BRF:8
BRH:5
end_of_record
TN:
SF:src/utils/getLocalIP.ts
FN:3,getLocalIP
FNF:1
FNH:0
FNDA:0,getLocalIP
DA:1,1
DA:2,1
DA:3,1
DA:4,0
DA:5,0
DA:6,0
DA:7,0
DA:8,0
DA:9,0
DA:10,0
DA:11,0
DA:12,0
DA:13,0
DA:14,0
DA:15,1
DA:16,1
LF:16
LH:5
BRF:0
BRH:0
end_of_record
TN:
SF:src/utils/errors/BaseError.ts
FN:9,BaseError
FN:17,BaseError.getStatusCode
FN:21,getErrorCode
FNF:3
FNH:3
FNDA:60,BaseError
FNDA:6,BaseError.getStatusCode
FNDA:4,getErrorCode
DA:1,1
DA:2,1
DA:3,1
DA:4,1
DA:5,1
DA:6,1
DA:7,1
DA:8,1
DA:9,1
DA:10,60
DA:11,60
DA:12,60
DA:13,60
DA:14,60
DA:15,60
DA:16,1
DA:17,1
DA:18,6
DA:19,1
DA:20,1
DA:21,1
DA:22,4
DA:23,4
DA:24,1
LF:24
LH:24
BRDA:9,0,0,60
BRDA:17,1,0,6
BRDA:21,2,0,4
BRF:3
BRH:3
end_of_record
TN:
SF:src/utils/errors/CustomError.ts
FN:5,CustomError
FNF:1
FNH:1
FNDA:47,CustomError
DA:1,1
DA:2,1
DA:3,1
DA:4,1
DA:5,1
DA:6,47
DA:7,47
DA:8,47
DA:9,47
DA:10,1
LF:10
LH:10
BRDA:5,0,0,47
BRF:1
BRH:1
end_of_record
TN:
SF:src/utils/errors/DBError.ts
FN:7,DBError
FNF:1
FNH:1
FNDA:3,DBError
DA:1,1
DA:2,1
DA:3,1
DA:4,1
DA:5,1
DA:6,1
DA:7,1
DA:8,3
DA:9,3
DA:10,3
DA:11,3
DA:12,1
LF:12
LH:12
BRDA:7,0,0,3
BRF:1
BRH:1
end_of_record
TN:
SF:src/utils/errors/NotFoundError.ts
FN:7,NotFoundError
FNF:1
FNH:1
FNDA:2,NotFoundError
DA:1,1
DA:2,1
DA:3,1
DA:4,1
DA:5,1
DA:6,1
DA:7,1
DA:8,2
DA:9,2
DA:10,2
DA:11,2
DA:12,1
LF:12
LH:12
BRDA:7,0,0,2
BRF:1
BRH:1
end_of_record
TN:
SF:src/utils/errors/ValidationError.ts
FN:6,ValidationError
FNF:1
FNH:1
FNDA:8,ValidationError
DA:1,1
DA:2,1
DA:3,1
DA:4,1
DA:5,1
DA:6,1
DA:7,8
DA:8,8
DA:9,8
DA:10,8
DA:11,1
LF:11
LH:11
BRDA:6,0,0,8
BRF:1
BRH:1
end_of_record
TN:
SF:src/utils/errors/isBaseError.ts
FN:3,isBaseError
FNF:1
FNH:1
FNDA:2,isBaseError
DA:1,1
DA:2,1
DA:3,2
DA:4,2
DA:5,2
LF:5
LH:5
BRDA:3,0,0,2
BRF:1
BRH:1
end_of_record
TN:
SF:src/utils/validation/loginValidationRules.ts
FNF:0
FNH:0
DA:1,1
DA:2,1
DA:3,1
DA:4,1
DA:5,1
DA:6,1
DA:7,1
DA:8,1
DA:9,1
DA:10,1
DA:11,1
LF:11
LH:11
BRF:0
BRH:0
end_of_record
TN:
SF:src/utils/validation/routesInputValidation.ts
FN:16,createSignupValidationRules
FN:75,routesInputValidation
FN:100,convertErrorNameToErrorCode
FNF:3
FNH:3
FNDA:230,createSignupValidationRules
FNDA:80,routesInputValidation
FNDA:17,convertErrorNameToErrorCode
DA:1,1
DA:2,1
DA:3,1
DA:4,1
DA:5,1
DA:6,1
DA:7,1
DA:8,1
DA:9,1
DA:10,1
DA:11,1
DA:12,1
DA:13,1
DA:14,1
DA:15,1
DA:16,230
DA:17,230
DA:18,230
DA:19,230
DA:20,170
DA:21,170
DA:22,230
DA:23,230
DA:24,10
DA:25,10
DA:26,230
DA:27,230
DA:28,10
DA:29,10
DA:30,230
DA:31,230
DA:32,20
DA:33,1
DA:34,1
DA:35,0
DA:36,0
DA:37,1
DA:38,20
DA:39,20
DA:40,230
DA:41,20
DA:42,230
DA:43,20
DA:44,210
DA:45,140
DA:46,140
DA:47,140
DA:48,140
DA:49,140
DA:50,140
DA:51,190
DA:52,30
DA:53,30
DA:54,10
DA:55,10
DA:56,10
DA:57,10
DA:58,30
DA:59,230
DA:60,230
DA:61,70
DA:62,70
DA:63,70
DA:64,70
DA:65,230
DA:66,230
DA:67,50
DA:68,50
DA:69,50
DA:70,50
DA:71,230
DA:72,230
DA:73,230
DA:74,1
DA:75,80
DA:76,80
DA:77,80
DA:78,80
DA:79,80
DA:80,275
DA:81,275
DA:82,275
DA:83,275
DA:84,250
DA:85,250
DA:86,25
DA:87,25
DA:88,27
DA:89,27
DA:90,27
DA:91,27
DA:92,27
DA:93,25
DA:94,25
DA:95,25
DA:96,25
DA:97,80
DA:98,80
DA:99,1
DA:100,1
DA:101,17
DA:102,17
DA:103,0
DA:104,17
DA:105,1
DA:106,17
DA:107,0
DA:108,17
DA:109,10
DA:110,17
DA:111,6
DA:112,17
DA:113,0
DA:114,17
DA:115,17
LF:115
LH:110
BRDA:16,0,0,230
BRDA:19,1,0,170
BRDA:23,2,0,10
BRDA:27,3,0,10
BRDA:31,4,0,20
BRDA:40,5,0,20
BRDA:42,6,0,210
BRDA:42,7,0,20
BRDA:44,8,0,190
BRDA:44,9,0,140
BRDA:51,10,0,50
BRDA:51,11,0,30
BRDA:53,12,0,10
BRDA:60,13,0,70
BRDA:60,14,0,70
BRDA:66,15,0,50
BRDA:66,16,0,50
BRDA:32,17,0,1
BRDA:34,18,0,0
BRDA:75,19,0,80
BRDA:79,20,0,275
BRDA:83,21,0,250
BRDA:86,22,0,25
BRDA:80,23,0,794
BRDA:87,24,0,27
BRDA:100,25,0,17
BRDA:102,26,0,0
BRDA:104,27,0,1
BRDA:106,28,0,0
BRDA:108,29,0,10
BRDA:110,30,0,6
BRDA:112,31,0,0
BRF:32
BRH:28
end_of_record
TN:
SF:src/utils/validation/sanitizeRequestBody.ts
FN:8,sanitizeRequestBody
FNF:1
FNH:1
FNDA:60,sanitizeRequestBody
DA:1,1
DA:2,1
DA:3,1
DA:4,1
DA:5,1
DA:6,1
DA:7,1
DA:8,1
DA:9,148
DA:10,148
DA:11,4
DA:12,4
DA:13,4
DA:14,4
DA:15,4
DA:16,4
DA:17,4
DA:18,4
DA:19,4
DA:20,4
DA:21,144
DA:22,144
DA:23,144
LF:23
LH:23
BRDA:8,0,0,60
BRDA:8,1,0,148
BRDA:10,2,0,4
BRDA:21,3,0,144
BRDA:9,4,0,404
BRF:5
BRH:5
end_of_record
TN:
SF:src/utils/validation/sanitizeRequestQuery.ts
FN:8,sanitizeRequestQuery
FNF:1
FNH:1
FNDA:120,sanitizeRequestQuery
DA:1,1
DA:2,1
DA:3,1
DA:4,1
DA:5,1
DA:6,1
DA:7,1
DA:8,1
DA:9,232
DA:10,232
DA:11,0
DA:12,0
DA:13,0
DA:14,0
DA:15,0
DA:16,0
DA:17,0
DA:18,0
DA:19,0
DA:20,0
DA:21,232
DA:22,232
DA:23,232
LF:23
LH:13
BRDA:8,0,0,120
BRDA:8,1,0,232
BRDA:10,2,0,0
BRF:3
BRH:2
end_of_record
TN:
SF:src/utils/validation/signupValidationRules.ts
FNF:0
FNH:0
DA:1,1
DA:2,1
DA:3,1
DA:4,1
DA:5,1
DA:6,1
DA:7,1
DA:8,1
DA:9,1
DA:10,1
DA:11,1
DA:12,1
DA:13,1
DA:14,1
DA:15,1
DA:16,1
DA:17,1
DA:18,1
LF:18
LH:18
BRF:0
BRH:0
end_of_record
TN:
SF:src/utils/validation/transactionValidationRules.ts
FN:8,atLeastOneFieldRequired
FN:120,transactionConvertValidationMessageToErrorCode
FNF:2
FNH:2
FNDA:41,atLeastOneFieldRequired
FNDA:10,transactionConvertValidationMessageToErrorCode
DA:1,1
DA:2,1
DA:3,1
DA:4,1
DA:5,1
DA:6,1
DA:7,1
DA:8,1
DA:9,41
DA:10,41
DA:11,41
DA:12,41
DA:13,41
DA:14,41
DA:15,41
DA:16,41
DA:17,41
DA:18,41
DA:19,41
DA:20,41
DA:21,41
DA:22,41
DA:23,41
DA:24,41
DA:25,41
DA:26,41
DA:27,41
DA:28,41
DA:29,41
DA:30,41
DA:31,41
DA:32,41
DA:33,41
DA:34,41
DA:35,41
DA:36,41
DA:37,41
DA:38,0
DA:39,0
DA:40,0
DA:41,0
DA:42,0
DA:43,41
DA:44,41
DA:45,77
DA:46,7
DA:47,7
DA:48,7
DA:49,7
DA:50,7
DA:51,77
DA:52,34
DA:53,37
DA:54,46
DA:55,0
DA:56,0
DA:57,0
DA:58,0
DA:59,0
DA:60,46
DA:61,34
DA:62,34
DA:63,34
DA:64,1
DA:65,1
DA:66,1
DA:67,1
DA:68,1
DA:69,1
DA:70,1
DA:71,1
DA:72,1
DA:73,1
DA:74,1
DA:75,1
DA:76,1
DA:77,1
DA:78,1
DA:79,1
DA:80,1
DA:81,1
DA:82,1
DA:83,1
DA:84,1
DA:85,1
DA:86,1
DA:87,1
DA:88,1
DA:89,1
DA:90,1
DA:91,1
DA:92,1
DA:93,1
DA:94,1
DA:95,1
DA:96,1
DA:97,1
DA:98,1
DA:99,1
DA:100,1
DA:101,1
DA:102,1
DA:103,1
DA:104,1
DA:105,1
DA:106,1
DA:107,1
DA:108,1
DA:109,1
DA:110,1
DA:111,1
DA:112,1
DA:113,1
DA:114,1
DA:115,1
DA:116,1
DA:117,1
DA:118,1
DA:119,1
DA:120,1
DA:121,10
DA:122,10
DA:123,0
DA:124,0
DA:125,10
DA:126,0
DA:127,0
DA:128,10
DA:129,0
DA:130,0
DA:131,10
DA:132,0
DA:133,0
DA:134,10
DA:135,0
DA:136,0
DA:137,10
DA:138,7
DA:139,7
DA:140,10
DA:141,3
DA:142,3
DA:143,10
DA:144,0
DA:145,0
DA:146,10
DA:147,0
DA:148,0
DA:149,10
DA:150,0
DA:151,0
DA:152,10
DA:153,10
DA:154,1
DA:155,1
LF:155
LH:129
BRDA:8,0,0,41
BRDA:37,1,0,0
BRDA:44,2,0,77
BRDA:45,3,0,7
BRDA:52,4,0,37
BRDA:52,5,0,34
BRDA:53,6,0,46
BRDA:54,7,0,0
BRDA:61,8,0,34
BRDA:120,9,0,10
BRDA:122,10,0,0
BRDA:125,11,0,0
BRDA:128,12,0,0
BRDA:131,13,0,0
BRDA:134,14,0,0
BRDA:137,15,0,7
BRDA:140,16,0,3
BRDA:143,17,0,0
BRDA:146,18,0,0
BRDA:149,19,0,0
BRF:20
BRH:10
end_of_record
TN:
SF:tests/TestsUtils..ts
FN:4,generateSecureRandom
FN:9,generateRandomString
FN:21,generateRandomEmail
FN:28,generateRandomPassword
FN:54,deleteUserAfterTest
FNF:5
FNH:5
FNDA:3545,generateSecureRandom
FNDA:62,generateRandomString
FNDA:61,generateRandomEmail
FNDA:68,generateRandomPassword
FNDA:47,deleteUserAfterTest
DA:1,1
DA:2,1
DA:3,1
DA:4,3545
DA:5,3545
DA:6,3545
DA:7,3545
DA:8,1
DA:9,62
DA:10,62
DA:11,62
DA:12,62
DA:13,62
DA:14,62
DA:15,475
DA:16,475
DA:17,62
DA:18,62
DA:19,62
DA:20,1
DA:21,61
DA:22,61
DA:23,61
DA:24,61
DA:25,61
DA:26,61
DA:27,1
DA:28,68
DA:29,68
DA:30,68
DA:31,68
DA:32,68
DA:33,68
DA:34,68
DA:35,68
DA:36,68
DA:37,68
DA:38,68
DA:39,68
DA:40,68
DA:41,68
DA:42,68
DA:43,572
DA:44,572
DA:45,68
DA:46,68
DA:47,68
DA:48,68
DA:49,68
DA:50,68
DA:51,68
DA:52,68
DA:53,1
DA:54,1
DA:55,47
DA:56,0
DA:57,0
DA:58,0
DA:59,0
DA:60,0
DA:61,0
DA:62,0
DA:63,0
DA:64,0
LF:64
LH:55
BRDA:4,0,0,3545
BRDA:9,1,0,62
BRDA:14,2,0,475
BRDA:21,3,0,61
BRDA:28,4,0,68
BRDA:42,5,0,572
BRDA:48,6,0,2059
BRDA:54,7,0,47
BRDA:56,8,0,0
BRF:9
BRH:8
end_of_record
